<?xml version="1.0" encoding="UTF-8"?>
<testsuite xmlns:xsi="http://www.w3.org/2001/XMLSchema-instance" xsi:noNamespaceSchemaLocation="https://maven.apache.org/surefire/maven-surefire-plugin/xsd/surefire-test-report-3.0.xsd" version="3.0" name="runners.TestRunner" time="34.511" tests="3" errors="0" skipped="0" failures="0">
  <properties>
    <property name="java.specification.version" value="19"/>
    <property name="sun.cpu.isalist" value="amd64"/>
    <property name="sun.jnu.encoding" value="Cp1252"/>
    <property name="java.class.path" value="C:\payconiq\restful-booker-api-automation\RestAssured_APITests\target\test-classes;C:\payconiq\restful-booker-api-automation\RestAssured_APITests\target\classes;C:\Users\User\.m2\repository\junit\junit\4.13.2\junit-4.13.2.jar;C:\Users\User\.m2\repository\org\hamcrest\hamcrest-core\1.3\hamcrest-core-1.3.jar;C:\Users\User\.m2\repository\io\rest-assured\rest-assured\5.3.0\rest-assured-5.3.0.jar;C:\Users\User\.m2\repository\org\apache\groovy\groovy\4.0.6\groovy-4.0.6.jar;C:\Users\User\.m2\repository\org\apache\groovy\groovy-xml\4.0.6\groovy-xml-4.0.6.jar;C:\Users\User\.m2\repository\org\apache\httpcomponents\httpclient\4.5.13\httpclient-4.5.13.jar;C:\Users\User\.m2\repository\org\apache\httpcomponents\httpcore\4.4.13\httpcore-4.4.13.jar;C:\Users\User\.m2\repository\commons-logging\commons-logging\1.2\commons-logging-1.2.jar;C:\Users\User\.m2\repository\commons-codec\commons-codec\1.11\commons-codec-1.11.jar;C:\Users\User\.m2\repository\org\apache\httpcomponents\httpmime\4.5.13\httpmime-4.5.13.jar;C:\Users\User\.m2\repository\org\hamcrest\hamcrest\2.1\hamcrest-2.1.jar;C:\Users\User\.m2\repository\org\ccil\cowan\tagsoup\tagsoup\1.2.1\tagsoup-1.2.1.jar;C:\Users\User\.m2\repository\io\rest-assured\json-path\5.3.0\json-path-5.3.0.jar;C:\Users\User\.m2\repository\org\apache\groovy\groovy-json\4.0.6\groovy-json-4.0.6.jar;C:\Users\User\.m2\repository\io\rest-assured\rest-assured-common\5.3.0\rest-assured-common-5.3.0.jar;C:\Users\User\.m2\repository\io\rest-assured\xml-path\5.3.0\xml-path-5.3.0.jar;C:\Users\User\.m2\repository\org\apache\commons\commons-lang3\3.11\commons-lang3-3.11.jar;C:\Users\User\.m2\repository\io\cucumber\cucumber-java\7.11.1\cucumber-java-7.11.1.jar;C:\Users\User\.m2\repository\io\cucumber\cucumber-core\7.11.1\cucumber-core-7.11.1.jar;C:\Users\User\.m2\repository\io\cucumber\cucumber-gherkin\7.11.1\cucumber-gherkin-7.11.1.jar;C:\Users\User\.m2\repository\io\cucumber\cucumber-gherkin-messages\7.11.1\cucumber-gherkin-messages-7.11.1.jar;C:\Users\User\.m2\repository\io\cucumber\gherkin\26.0.3\gherkin-26.0.3.jar;C:\Users\User\.m2\repository\io\cucumber\messages\21.0.1\messages-21.0.1.jar;C:\Users\User\.m2\repository\io\cucumber\tag-expressions\5.0.1\tag-expressions-5.0.1.jar;C:\Users\User\.m2\repository\io\cucumber\cucumber-expressions\16.1.2\cucumber-expressions-16.1.2.jar;C:\Users\User\.m2\repository\io\cucumber\datatable\7.11.1\datatable-7.11.1.jar;C:\Users\User\.m2\repository\io\cucumber\cucumber-plugin\7.11.1\cucumber-plugin-7.11.1.jar;C:\Users\User\.m2\repository\io\cucumber\docstring\7.11.1\docstring-7.11.1.jar;C:\Users\User\.m2\repository\io\cucumber\html-formatter\20.2.1\html-formatter-20.2.1.jar;C:\Users\User\.m2\repository\io\cucumber\junit-xml-formatter\0.1.0\junit-xml-formatter-0.1.0.jar;C:\Users\User\.m2\repository\io\cucumber\ci-environment\9.1.0\ci-environment-9.1.0.jar;C:\Users\User\.m2\repository\org\apiguardian\apiguardian-api\1.1.2\apiguardian-api-1.1.2.jar;C:\Users\User\.m2\repository\io\cucumber\cucumber-jvm-deps\1.0.6\cucumber-jvm-deps-1.0.6.jar;C:\Users\User\.m2\repository\io\cucumber\cucumber-junit\7.11.1\cucumber-junit-7.11.1.jar;"/>
    <property name="java.vm.vendor" value="Oracle Corporation"/>
    <property name="sun.arch.data.model" value="64"/>
    <property name="user.variant" value=""/>
    <property name="java.vendor.url" value="https://java.oracle.com/"/>
    <property name="user.timezone" value="Europe/Berlin"/>
    <property name="os.name" value="Windows 10"/>
    <property name="java.vm.specification.version" value="19"/>
    <property name="sun.java.launcher" value="SUN_STANDARD"/>
    <property name="user.country" value="IN"/>
    <property name="sun.boot.library.path" value="C:\Program Files\Java\jdk-19\bin"/>
    <property name="sun.java.command" value="C:\Users\User\AppData\Local\Temp\surefire8992067116613709954\surefirebooter-20230228050959496_3.jar C:\Users\User\AppData\Local\Temp\surefire8992067116613709954 2023-02-28T05-09-56_400-jvmRun1 surefire-20230228050959496_1tmp surefire_0-20230228050959496_2tmp"/>
    <property name="jdk.debug" value="release"/>
    <property name="surefire.test.class.path" value="C:\payconiq\restful-booker-api-automation\RestAssured_APITests\target\test-classes;C:\payconiq\restful-booker-api-automation\RestAssured_APITests\target\classes;C:\Users\User\.m2\repository\junit\junit\4.13.2\junit-4.13.2.jar;C:\Users\User\.m2\repository\org\hamcrest\hamcrest-core\1.3\hamcrest-core-1.3.jar;C:\Users\User\.m2\repository\io\rest-assured\rest-assured\5.3.0\rest-assured-5.3.0.jar;C:\Users\User\.m2\repository\org\apache\groovy\groovy\4.0.6\groovy-4.0.6.jar;C:\Users\User\.m2\repository\org\apache\groovy\groovy-xml\4.0.6\groovy-xml-4.0.6.jar;C:\Users\User\.m2\repository\org\apache\httpcomponents\httpclient\4.5.13\httpclient-4.5.13.jar;C:\Users\User\.m2\repository\org\apache\httpcomponents\httpcore\4.4.13\httpcore-4.4.13.jar;C:\Users\User\.m2\repository\commons-logging\commons-logging\1.2\commons-logging-1.2.jar;C:\Users\User\.m2\repository\commons-codec\commons-codec\1.11\commons-codec-1.11.jar;C:\Users\User\.m2\repository\org\apache\httpcomponents\httpmime\4.5.13\httpmime-4.5.13.jar;C:\Users\User\.m2\repository\org\hamcrest\hamcrest\2.1\hamcrest-2.1.jar;C:\Users\User\.m2\repository\org\ccil\cowan\tagsoup\tagsoup\1.2.1\tagsoup-1.2.1.jar;C:\Users\User\.m2\repository\io\rest-assured\json-path\5.3.0\json-path-5.3.0.jar;C:\Users\User\.m2\repository\org\apache\groovy\groovy-json\4.0.6\groovy-json-4.0.6.jar;C:\Users\User\.m2\repository\io\rest-assured\rest-assured-common\5.3.0\rest-assured-common-5.3.0.jar;C:\Users\User\.m2\repository\io\rest-assured\xml-path\5.3.0\xml-path-5.3.0.jar;C:\Users\User\.m2\repository\org\apache\commons\commons-lang3\3.11\commons-lang3-3.11.jar;C:\Users\User\.m2\repository\io\cucumber\cucumber-java\7.11.1\cucumber-java-7.11.1.jar;C:\Users\User\.m2\repository\io\cucumber\cucumber-core\7.11.1\cucumber-core-7.11.1.jar;C:\Users\User\.m2\repository\io\cucumber\cucumber-gherkin\7.11.1\cucumber-gherkin-7.11.1.jar;C:\Users\User\.m2\repository\io\cucumber\cucumber-gherkin-messages\7.11.1\cucumber-gherkin-messages-7.11.1.jar;C:\Users\User\.m2\repository\io\cucumber\gherkin\26.0.3\gherkin-26.0.3.jar;C:\Users\User\.m2\repository\io\cucumber\messages\21.0.1\messages-21.0.1.jar;C:\Users\User\.m2\repository\io\cucumber\tag-expressions\5.0.1\tag-expressions-5.0.1.jar;C:\Users\User\.m2\repository\io\cucumber\cucumber-expressions\16.1.2\cucumber-expressions-16.1.2.jar;C:\Users\User\.m2\repository\io\cucumber\datatable\7.11.1\datatable-7.11.1.jar;C:\Users\User\.m2\repository\io\cucumber\cucumber-plugin\7.11.1\cucumber-plugin-7.11.1.jar;C:\Users\User\.m2\repository\io\cucumber\docstring\7.11.1\docstring-7.11.1.jar;C:\Users\User\.m2\repository\io\cucumber\html-formatter\20.2.1\html-formatter-20.2.1.jar;C:\Users\User\.m2\repository\io\cucumber\junit-xml-formatter\0.1.0\junit-xml-formatter-0.1.0.jar;C:\Users\User\.m2\repository\io\cucumber\ci-environment\9.1.0\ci-environment-9.1.0.jar;C:\Users\User\.m2\repository\org\apiguardian\apiguardian-api\1.1.2\apiguardian-api-1.1.2.jar;C:\Users\User\.m2\repository\io\cucumber\cucumber-jvm-deps\1.0.6\cucumber-jvm-deps-1.0.6.jar;C:\Users\User\.m2\repository\io\cucumber\cucumber-junit\7.11.1\cucumber-junit-7.11.1.jar;"/>
    <property name="sun.cpu.endian" value="little"/>
    <property name="user.home" value="C:\Users\User"/>
    <property name="user.language" value="en"/>
    <property name="java.specification.vendor" value="Oracle Corporation"/>
    <property name="java.version.date" value="2023-01-17"/>
    <property name="java.home" value="C:\Program Files\Java\jdk-19"/>
    <property name="file.separator" value="\"/>
    <property name="basedir" value="C:\payconiq\restful-booker-api-automation\RestAssured_APITests"/>
    <property name="java.vm.compressedOopsMode" value="32-bit"/>
    <property name="line.separator" value="&#10;"/>
    <property name="java.vm.specification.vendor" value="Oracle Corporation"/>
    <property name="java.specification.name" value="Java Platform API Specification"/>
    <property name="surefire.real.class.path" value="C:\Users\User\AppData\Local\Temp\surefire8992067116613709954\surefirebooter-20230228050959496_3.jar"/>
    <property name="user.script" value=""/>
    <property name="sun.management.compiler" value="HotSpot 64-Bit Tiered Compilers"/>
    <property name="java.runtime.version" value="19.0.2+7-44"/>
    <property name="user.name" value="User"/>
    <property name="stdout.encoding" value="Cp1252"/>
    <property name="path.separator" value=";"/>
    <property name="os.version" value="10.0"/>
    <property name="java.runtime.name" value="Java(TM) SE Runtime Environment"/>
    <property name="file.encoding" value="UTF-8"/>
    <property name="java.vm.name" value="Java HotSpot(TM) 64-Bit Server VM"/>
    <property name="localRepository" value="C:\Users\User\.m2\repository"/>
    <property name="java.vendor.url.bug" value="https://bugreport.java.com/bugreport/"/>
    <property name="java.io.tmpdir" value="C:\Users\User\AppData\Local\Temp\"/>
    <property name="idea.version" value="2022.3.2"/>
    <property name="java.version" value="19.0.2"/>
    <property name="user.dir" value="C:\payconiq\restful-booker-api-automation\RestAssured_APITests"/>
    <property name="os.arch" value="amd64"/>
    <property name="java.vm.specification.name" value="Java Virtual Machine Specification"/>
    <property name="sun.os.patch.level" value=""/>
    <property name="native.encoding" value="Cp1252"/>
    <property name="java.library.path" value="C:\Program Files\Java\jdk-19\bin;C:\WINDOWS\Sun\Java\bin;C:\WINDOWS\system32;C:\WINDOWS;C:\WINDOWS\system32;C:\WINDOWS;C:\WINDOWS\System32\Wbem;C:\WINDOWS\System32\WindowsPowerShell\v1.0\;C:\WINDOWS\System32\OpenSSH\;C:\Program Files\Git\cmd;C:\Users\User\AppData\Local\Programs\Python\Python38\Scripts\;C:\Users\User\AppData\Local\Programs\Python\Python38\;C:\Users\User\AppData\Local\Microsoft\WindowsApps;C:\Program Files\Java\jdk-19\bin;C:\apache-maven-3.9.0\bin;;C:\Program Files\JetBrains\IntelliJ IDEA Community Edition 2022.3.2\bin;;."/>
    <property name="java.vm.info" value="mixed mode, sharing"/>
    <property name="stderr.encoding" value="Cp1252"/>
    <property name="java.vendor" value="Oracle Corporation"/>
    <property name="java.vm.version" value="19.0.2+7-44"/>
    <property name="sun.io.unicode.encoding" value="UnicodeLittle"/>
    <property name="java.class.version" value="63.0"/>
  </properties>
  <testcase name="Authorized user is able to get booking id" classname="Automated E2E tests" time="25.391">
    <system-out><![CDATA[bookingid is 4017
bookingfirstname is Josh
bookinglastname is Allen
bookingtotalprice is 111
bookingcheckindate is 2018-01-01
bookingcheckoutdate is 2019-01-01
bookingIdByname is 4017
response is [{"bookingid":4017},{"bookingid":2082},{"bookingid":3096},{"bookingid":1231},{"bookingid":2600},{"bookingid":478},{"bookingid":1977},{"bookingid":973},{"bookingid":632},{"bookingid":926},{"bookingid":4398},{"bookingid":2558},{"bookingid":901},{"bookingid":4385},{"bookingid":1946},{"bookingid":3861},{"bookingid":4227},{"bookingid":4231},{"bookingid":3399},{"bookingid":1440},{"bookingid":936},{"bookingid":1777},{"bookingid":3534},{"bookingid":3159},{"bookingid":4164},{"bookingid":1891},{"bookingid":1236},{"bookingid":2383},{"bookingid":210},{"bookingid":3179},{"bookingid":374},{"bookingid":2357},{"bookingid":1700},{"bookingid":1447},{"bookingid":177},{"bookingid":4458},{"bookingid":346},{"bookingid":2638},{"bookingid":809},{"bookingid":579},{"bookingid":268},{"bookingid":3280},{"bookingid":4061},{"bookingid":3103},{"bookingid":1570},{"bookingid":773},{"bookingid":1528},{"bookingid":998},{"bookingid":1994},{"bookingid":648},{"bookingid":3422},{"bookingid":1391},{"bookingid":152},{"bookingid":719},{"bookingid":4501},{"bookingid":3565},{"bookingid":4190},{"bookingid":675},{"bookingid":2641},{"bookingid":281},{"bookingid":746},{"bookingid":4523},{"bookingid":655},{"bookingid":4175},{"bookingid":3595},{"bookingid":2125},{"bookingid":3757},{"bookingid":3589},{"bookingid":532},{"bookingid":4036},{"bookingid":3794},{"bookingid":625},{"bookingid":2072},{"bookingid":4491},{"bookingid":3098},{"bookingid":3968},{"bookingid":2939},{"bookingid":2494},{"bookingid":4399},{"bookingid":2698},{"bookingid":1786},{"bookingid":839},{"bookingid":3550},{"bookingid":2894},{"bookingid":1715},{"bookingid":1848},{"bookingid":870},{"bookingid":4236},{"bookingid":3385},{"bookingid":3357},{"bookingid":4038},{"bookingid":2696},{"bookingid":1255},{"bookingid":1521},{"bookingid":3012},{"bookingid":163},{"bookingid":2391},{"bookingid":3367},{"bookingid":1321},{"bookingid":439},{"bookingid":3134},{"bookingid":2601},{"bookingid":2847},{"bookingid":2230},{"bookingid":2157},{"bookingid":185},{"bookingid":2228},{"bookingid":136},{"bookingid":160},{"bookingid":543},{"bookingid":4226},{"bookingid":2823},{"bookingid":4125},{"bookingid":1691},{"bookingid":2198},{"bookingid":547},{"bookingid":1904},{"bookingid":2488},{"bookingid":3923},{"bookingid":58},{"bookingid":4148},{"bookingid":3698},{"bookingid":563},{"bookingid":1443},{"bookingid":984},{"bookingid":2448},{"bookingid":1840},{"bookingid":2420},{"bookingid":2301},{"bookingid":1868},{"bookingid":4203},{"bookingid":747},{"bookingid":1819},{"bookingid":2611},{"bookingid":2325},{"bookingid":2592},{"bookingid":3294},{"bookingid":2163},{"bookingid":2778},{"bookingid":4051},{"bookingid":4268},{"bookingid":3952},{"bookingid":1473},{"bookingid":2543},{"bookingid":2190},{"bookingid":3892},{"bookingid":3479},{"bookingid":3237},{"bookingid":287},{"bookingid":1270},{"bookingid":606},{"bookingid":3878},{"bookingid":1147},{"bookingid":267},{"bookingid":879},{"bookingid":2036},{"bookingid":2783},{"bookingid":887},{"bookingid":4144},{"bookingid":4110},{"bookingid":3865},{"bookingid":1413},{"bookingid":14},{"bookingid":65},{"bookingid":1718},{"bookingid":2977},{"bookingid":2834},{"bookingid":4207},{"bookingid":2435},{"bookingid":483},{"bookingid":3639},{"bookingid":2480},{"bookingid":785},{"bookingid":3826},{"bookingid":130},{"bookingid":2140},{"bookingid":2646},{"bookingid":3070},{"bookingid":4487},{"bookingid":605},{"bookingid":2241},{"bookingid":706},{"bookingid":1184},{"bookingid":4382},{"bookingid":636},{"bookingid":273},{"bookingid":2593},{"bookingid":4452},{"bookingid":918},{"bookingid":3209},{"bookingid":2467},{"bookingid":1586},{"bookingid":2813},{"bookingid":4310},{"bookingid":2174},{"bookingid":537},{"bookingid":3478},{"bookingid":1507},{"bookingid":806},{"bookingid":2299},{"bookingid":3549},{"bookingid":3628},{"bookingid":2976},{"bookingid":1852},{"bookingid":941},{"bookingid":720},{"bookingid":2218},{"bookingid":2943},{"bookingid":2929},{"bookingid":164},{"bookingid":318},{"bookingid":2766},{"bookingid":2770},{"bookingid":1320},{"bookingid":3961},{"bookingid":3953},{"bookingid":3452},{"bookingid":1232},{"bookingid":3843},{"bookingid":587},{"bookingid":1625},{"bookingid":2260},{"bookingid":3975},{"bookingid":899},{"bookingid":1884},{"bookingid":3208},{"bookingid":11},{"bookingid":2627},{"bookingid":3242},{"bookingid":219},{"bookingid":3909},{"bookingid":1775},{"bookingid":2070},{"bookingid":3043},{"bookingid":2431},{"bookingid":4441},{"bookingid":1838},{"bookingid":2319},{"bookingid":221},{"bookingid":2046},{"bookingid":1684},{"bookingid":124},{"bookingid":1926},{"bookingid":4344},{"bookingid":1476},{"bookingid":3265},{"bookingid":4003},{"bookingid":4292},{"bookingid":1701},{"bookingid":3756},{"bookingid":1204},{"bookingid":302},{"bookingid":713},{"bookingid":293},{"bookingid":165},{"bookingid":2323},{"bookingid":2583},{"bookingid":1764},{"bookingid":469},{"bookingid":3256},{"bookingid":289},{"bookingid":4443},{"bookingid":1337},{"bookingid":3587},{"bookingid":94},{"bookingid":2542},{"bookingid":4448},{"bookingid":623},{"bookingid":1290},{"bookingid":3493},{"bookingid":3336},{"bookingid":2803},{"bookingid":31},{"bookingid":3010},{"bookingid":2876},{"bookingid":2898},{"bookingid":1548},{"bookingid":423},{"bookingid":919},{"bookingid":337},{"bookingid":2329},{"bookingid":2658},{"bookingid":413},{"bookingid":2944},{"bookingid":3513},{"bookingid":679},{"bookingid":1995},{"bookingid":1366},{"bookingid":2349},{"bookingid":3851},{"bookingid":2037},{"bookingid":3889},{"bookingid":466},{"bookingid":2655},{"bookingid":1543},{"bookingid":241},{"bookingid":1606},{"bookingid":1229},{"bookingid":3420},{"bookingid":454},{"bookingid":2458},{"bookingid":4375},{"bookingid":2887},{"bookingid":1271},{"bookingid":1091},{"bookingid":766},{"bookingid":2883},{"bookingid":3823},{"bookingid":3325},{"bookingid":522},{"bookingid":2827},{"bookingid":1155},{"bookingid":4152},{"bookingid":1898},{"bookingid":3438},{"bookingid":1662},{"bookingid":523},{"bookingid":4221},{"bookingid":4358},{"bookingid":2619},{"bookingid":4509},{"bookingid":751},{"bookingid":1613},{"bookingid":2229},{"bookingid":2818},{"bookingid":3296},{"bookingid":1844},{"bookingid":3060},{"bookingid":4209},{"bookingid":3054},{"bookingid":2888},{"bookingid":2850},{"bookingid":4519},{"bookingid":2817},{"bookingid":122},{"bookingid":4088},{"bookingid":2924},{"bookingid":1202},{"bookingid":589},{"bookingid":904},{"bookingid":3561},{"bookingid":2621},{"bookingid":2065},{"bookingid":169},{"bookingid":1845},{"bookingid":3728},{"bookingid":3007},{"bookingid":601},{"bookingid":1489},{"bookingid":2724},{"bookingid":2941},{"bookingid":4213},{"bookingid":415},{"bookingid":578},{"bookingid":3133},{"bookingid":202},{"bookingid":2331},{"bookingid":4242},{"bookingid":609},{"bookingid":2565},{"bookingid":88},{"bookingid":1572},{"bookingid":2263},{"bookingid":4356},{"bookingid":4335},{"bookingid":4427},{"bookingid":1803},{"bookingid":3657},{"bookingid":1738},{"bookingid":3149},{"bookingid":3970},{"bookingid":496},{"bookingid":3483},{"bookingid":23},{"bookingid":2789},{"bookingid":2408},{"bookingid":4027},{"bookingid":3804},{"bookingid":336},{"bookingid":3027},{"bookingid":3986},{"bookingid":2922},{"bookingid":342},{"bookingid":4151},{"bookingid":4330},{"bookingid":2423},{"bookingid":3536},{"bookingid":2093},{"bookingid":4040},{"bookingid":2933},{"bookingid":186},{"bookingid":2758},{"bookingid":2687},{"bookingid":1600},{"bookingid":1881},{"bookingid":1778},{"bookingid":2755},{"bookingid":1178},{"bookingid":2574},{"bookingid":4126},{"bookingid":4166},{"bookingid":3896},{"bookingid":2517},{"bookingid":1919},{"bookingid":2519},{"bookingid":477},{"bookingid":2246},{"bookingid":2891},{"bookingid":3994},{"bookingid":3057},{"bookingid":859},{"bookingid":572},{"bookingid":2708},{"bookingid":3354},{"bookingid":4507},{"bookingid":3441},{"bookingid":1317},{"bookingid":4178},{"bookingid":829},{"bookingid":3890},{"bookingid":3703},{"bookingid":3739},{"bookingid":3999},{"bookingid":4039},{"bookingid":3464},{"bookingid":1288},{"bookingid":1855},{"bookingid":1794},{"bookingid":3147},{"bookingid":3131},{"bookingid":4077},{"bookingid":4189},{"bookingid":2653},{"bookingid":1214},{"bookingid":4389},{"bookingid":507},{"bookingid":482},{"bookingid":1071},{"bookingid":977},{"bookingid":3862},{"bookingid":2200},{"bookingid":1649},{"bookingid":3166},{"bookingid":1400},{"bookingid":3979},{"bookingid":195},{"bookingid":2970},{"bookingid":3525},{"bookingid":2536},{"bookingid":852},{"bookingid":3958},{"bookingid":4520},{"bookingid":137},{"bookingid":2731},{"bookingid":3523},{"bookingid":2258},{"bookingid":3718},{"bookingid":4159},{"bookingid":1579},{"bookingid":866},{"bookingid":3342},{"bookingid":1882},{"bookingid":45},{"bookingid":1901},{"bookingid":704},{"bookingid":4234},{"bookingid":3311},{"bookingid":1102},{"bookingid":1747},{"bookingid":4134},{"bookingid":1339},{"bookingid":4247},{"bookingid":2709},{"bookingid":1223},{"bookingid":1451},{"bookingid":3148},{"bookingid":2496},{"bookingid":3716},{"bookingid":2980},{"bookingid":3782},{"bookingid":669},{"bookingid":2415},{"bookingid":1544},{"bookingid":3664},{"bookingid":3998},{"bookingid":4096},{"bookingid":2374},{"bookingid":75},{"bookingid":702},{"bookingid":92},{"bookingid":1989},{"bookingid":4275},{"bookingid":3082},{"bookingid":1183},{"bookingid":3656},{"bookingid":1578},{"bookingid":2744},{"bookingid":1141},{"bookingid":1862},{"bookingid":2372},{"bookingid":41},{"bookingid":2354},{"bookingid":1607},{"bookingid":3271},{"bookingid":4011},{"bookingid":4308},{"bookingid":4380},{"bookingid":1390},{"bookingid":176},{"bookingid":4249},{"bookingid":4390},{"bookingid":326},{"bookingid":2207},{"bookingid":2335},{"bookingid":22},{"bookingid":1652},{"bookingid":3637},{"bookingid":863},{"bookingid":2738},{"bookingid":1078},{"bookingid":1396},{"bookingid":674},{"bookingid":599},{"bookingid":175},{"bookingid":3489},{"bookingid":2855},{"bookingid":4434},{"bookingid":3372},{"bookingid":4436},{"bookingid":438},{"bookingid":1471},{"bookingid":3180},{"bookingid":3024},{"bookingid":1623},{"bookingid":3881},{"bookingid":286},{"bookingid":2776},{"bookingid":2479},{"bookingid":2581},{"bookingid":2938},{"bookingid":2083},{"bookingid":3777},{"bookingid":1668},{"bookingid":4109},{"bookingid":3138},{"bookingid":627},{"bookingid":3825},{"bookingid":2345},{"bookingid":3031},{"bookingid":3719},{"bookingid":1619},{"bookingid":1039},{"bookingid":1883},{"bookingid":4516},{"bookingid":3503},{"bookingid":3887},{"bookingid":1741},{"bookingid":3608},{"bookingid":440},{"bookingid":2160},{"bookingid":4244},{"bookingid":3571},{"bookingid":2835},{"bookingid":2071},{"bookingid":3028},{"bookingid":481},{"bookingid":3026},{"bookingid":4201},{"bookingid":911},{"bookingid":3693},{"bookingid":807},{"bookingid":891},{"bookingid":2371},{"bookingid":2096},{"bookingid":3690},{"bookingid":841},{"bookingid":305},{"bookingid":2252},{"bookingid":2591},{"bookingid":2869},{"bookingid":4288},{"bookingid":3721},{"bookingid":3363},{"bookingid":278},{"bookingid":3738},{"bookingid":897},{"bookingid":1814},{"bookingid":3155},{"bookingid":864},{"bookingid":4432},{"bookingid":1326},{"bookingid":2376},{"bookingid":990},{"bookingid":2972},{"bookingid":4285},{"bookingid":1433},{"bookingid":3888},{"bookingid":4302},{"bookingid":229},{"bookingid":1442},{"bookingid":1827},{"bookingid":2106},{"bookingid":1460},{"bookingid":212},{"bookingid":3381},{"bookingid":3505},{"bookingid":2012},{"bookingid":1697},{"bookingid":1499},{"bookingid":2539},{"bookingid":2547},{"bookingid":223},{"bookingid":3130},{"bookingid":3630},{"bookingid":2274},{"bookingid":4270},{"bookingid":889},{"bookingid":1745},{"bookingid":1870},{"bookingid":3212},{"bookingid":4381},{"bookingid":4048},{"bookingid":2785},{"bookingid":2973},{"bookingid":2007},{"bookingid":2695},{"bookingid":1524},{"bookingid":1477},{"bookingid":2009},{"bookingid":1591},{"bookingid":120},{"bookingid":4296},{"bookingid":3417},{"bookingid":1436},{"bookingid":2192},{"bookingid":4404},{"bookingid":696},{"bookingid":3670},{"bookingid":238},{"bookingid":1645},{"bookingid":4424},{"bookingid":3947},{"bookingid":2278},{"bookingid":2958},{"bookingid":428},{"bookingid":802},{"bookingid":3086},{"bookingid":4316},{"bookingid":4068},{"bookingid":3384},{"bookingid":388},{"bookingid":2852},{"bookingid":2570},{"bookingid":1329},{"bookingid":1142},{"bookingid":2851},{"bookingid":2777},{"bookingid":776},{"bookingid":3175},{"bookingid":3803},{"bookingid":1864},{"bookingid":4313},{"bookingid":3406},{"bookingid":3798},{"bookingid":82},{"bookingid":2742},{"bookingid":614},{"bookingid":2759},{"bookingid":855},{"bookingid":4417},{"bookingid":1514},{"bookingid":2720},{"bookingid":4019},{"bookingid":4273},{"bookingid":4156},{"bookingid":3127},{"bookingid":3713},{"bookingid":2612},{"bookingid":4527},{"bookingid":1948},{"bookingid":2846},{"bookingid":1530},{"bookingid":851},{"bookingid":2656},{"bookingid":3740},{"bookingid":3451},{"bookingid":1563},{"bookingid":2236},{"bookingid":2875},{"bookingid":2177},{"bookingid":1813},{"bookingid":3346},{"bookingid":3005},{"bookingid":2049},{"bookingid":944},{"bookingid":721},{"bookingid":4198},{"bookingid":512},{"bookingid":560},{"bookingid":3650},{"bookingid":3424},{"bookingid":2525},{"bookingid":49},{"bookingid":3667},{"bookingid":4210},{"bookingid":3502},{"bookingid":397},{"bookingid":3450},{"bookingid":2099},{"bookingid":1371},{"bookingid":825},{"bookingid":3050},{"bookingid":1732},{"bookingid":3423},{"bookingid":2308},{"bookingid":2348},{"bookingid":68},{"bookingid":772},{"bookingid":1222},{"bookingid":4015},{"bookingid":2221},{"bookingid":1241},{"bookingid":2143},{"bookingid":251},{"bookingid":1871},{"bookingid":2465},{"bookingid":2595},{"bookingid":259},{"bookingid":2021},{"bookingid":946},{"bookingid":3040},{"bookingid":951},{"bookingid":1746},{"bookingid":4240},{"bookingid":3234},{"bookingid":508},{"bookingid":1383},{"bookingid":3701},{"bookingid":2035},{"bookingid":2318},{"bookingid":4246},{"bookingid":2031},{"bookingid":3802},{"bookingid":3951},{"bookingid":515},{"bookingid":3744},{"bookingid":3599},{"bookingid":3252},{"bookingid":3934},{"bookingid":1061},{"bookingid":641},{"bookingid":2516},{"bookingid":615},{"bookingid":3269},{"bookingid":2147},{"bookingid":218},{"bookingid":193},{"bookingid":2782},{"bookingid":760},{"bookingid":4063},{"bookingid":2409},{"bookingid":4370},{"bookingid":3468},{"bookingid":464},{"bookingid":1058},{"bookingid":4387},{"bookingid":3152},{"bookingid":3506},{"bookingid":4078},{"bookingid":2928},{"bookingid":1239},{"bookingid":3322},{"bookingid":2979},{"bookingid":2597},{"bookingid":2045},{"bookingid":1138},{"bookingid":3915},{"bookingid":3772},{"bookingid":1659},{"bookingid":617},{"bookingid":3108},{"bookingid":1325},{"bookingid":2897},{"bookingid":931},{"bookingid":3073},{"bookingid":3827},{"bookingid":2719},{"bookingid":4118},{"bookingid":3936},{"bookingid":665},{"bookingid":868},{"bookingid":2385},{"bookingid":1047},{"bookingid":2377},{"bookingid":3191},{"bookingid":4490},{"bookingid":843},{"bookingid":1067},{"bookingid":619},{"bookingid":3264},{"bookingid":4099},{"bookingid":139},{"bookingid":1012},{"bookingid":1562},{"bookingid":2438},{"bookingid":924},{"bookingid":3419},{"bookingid":2717},{"bookingid":2247},{"bookingid":2450},{"bookingid":1041},{"bookingid":2617},{"bookingid":3927},{"bookingid":3745},{"bookingid":1985},{"bookingid":979},{"bookingid":1243},{"bookingid":3045},{"bookingid":1135},{"bookingid":2118},{"bookingid":2204},{"bookingid":3279},{"bookingid":514},{"bookingid":1360},{"bookingid":345},{"bookingid":3873},{"bookingid":2582},{"bookingid":4477},{"bookingid":943},{"bookingid":2594},{"bookingid":3162},{"bookingid":3123},{"bookingid":2062},{"bookingid":1253},{"bookingid":2546},{"bookingid":2061},{"bookingid":4485},{"bookingid":1170},{"bookingid":640},{"bookingid":1341},{"bookingid":2306},{"bookingid":703},{"bookingid":3788},{"bookingid":3136},{"bookingid":689},{"bookingid":3558},{"bookingid":2425},{"bookingid":510},{"bookingid":2706},{"bookingid":2639},{"bookingid":2554},{"bookingid":2805},{"bookingid":35},{"bookingid":3969},{"bookingid":4005},{"bookingid":444},{"bookingid":882},{"bookingid":2819},{"bookingid":354},{"bookingid":2833},{"bookingid":3323},{"bookingid":2642},{"bookingid":881},{"bookingid":234},{"bookingid":3858},{"bookingid":2300},{"bookingid":1100},{"bookingid":97},{"bookingid":4301},{"bookingid":4492},{"bookingid":2792},{"bookingid":2879},{"bookingid":2145},{"bookingid":3617},{"bookingid":77},{"bookingid":1230},{"bookingid":2341},{"bookingid":3389},{"bookingid":2050},{"bookingid":1049},{"bookingid":1024},{"bookingid":4528},{"bookingid":2254},{"bookingid":2573},{"bookingid":1254},{"bookingid":4220},{"bookingid":1304},{"bookingid":744},{"bookingid":906},{"bookingid":729},{"bookingid":1531},{"bookingid":3569},{"bookingid":2860},{"bookingid":3806},{"bookingid":3014},{"bookingid":4186},{"bookingid":1735},{"bookingid":3632},{"bookingid":3899},{"bookingid":2684},{"bookingid":3485},{"bookingid":4401},{"bookingid":3995},{"bookingid":3085},{"bookingid":3566},{"bookingid":2422},{"bookingid":1037},{"bookingid":705},{"bookingid":1186},{"bookingid":2912},{"bookingid":4311},{"bookingid":3645},{"bookingid":3508},{"bookingid":360},{"bookingid":3700},{"bookingid":2475},{"bookingid":3631},{"bookingid":4394},{"bookingid":3391},{"bookingid":1362},{"bookingid":959},{"bookingid":2741},{"bookingid":3132},{"bookingid":252},{"bookingid":1013},{"bookingid":1404},{"bookingid":2955},{"bookingid":4300},{"bookingid":3813},{"bookingid":3912},{"bookingid":317},{"bookingid":3957},{"bookingid":362},{"bookingid":2795},{"bookingid":1561},{"bookingid":3201},{"bookingid":1131},{"bookingid":3779},{"bookingid":3925},{"bookingid":3407},{"bookingid":2761},{"bookingid":442},{"bookingid":2652},{"bookingid":568},{"bookingid":646},{"bookingid":1585},{"bookingid":1226},{"bookingid":1205},{"bookingid":3883},{"bookingid":1565},{"bookingid":1066},{"bookingid":2764},{"bookingid":3185},{"bookingid":595},{"bookingid":1283},{"bookingid":126},{"bookingid":3065},{"bookingid":676},{"bookingid":2664},{"bookingid":1828},{"bookingid":2194},{"bookingid":2930},{"bookingid":3820},{"bookingid":499},{"bookingid":3729},{"bookingid":3319},{"bookingid":764},{"bookingid":3751},{"bookingid":111},{"bookingid":574},{"bookingid":2864},{"bookingid":2256},{"bookingid":781},{"bookingid":3792},{"bookingid":429},{"bookingid":2909},{"bookingid":1821},{"bookingid":1500},{"bookingid":1966},{"bookingid":3415},{"bookingid":3624},{"bookingid":575},{"bookingid":4087},{"bookingid":1070},{"bookingid":818},{"bookingid":1386},{"bookingid":3783},{"bookingid":182},{"bookingid":4104},{"bookingid":4212},{"bookingid":132},{"bookingid":3146},{"bookingid":3642},{"bookingid":95},{"bookingid":3524},{"bookingid":101},{"bookingid":853},{"bookingid":1933},{"bookingid":1278},{"bookingid":409},{"bookingid":4002},{"bookingid":4060},{"bookingid":3163},{"bookingid":3172},{"bookingid":2112},{"bookingid":2732},{"bookingid":1363},{"bookingid":3362},{"bookingid":792},{"bookingid":1955},{"bookingid":1816},{"bookingid":80},{"bookingid":1074},{"bookingid":271},{"bookingid":1641},{"bookingid":2828},{"bookingid":4094},{"bookingid":709},{"bookingid":2598},{"bookingid":2180},{"bookingid":311},{"bookingid":3353},{"bookingid":3539},{"bookingid":1621},{"bookingid":4444},{"bookingid":1801},{"bookingid":133},{"bookingid":3900},{"bookingid":128},{"bookingid":3037},{"bookingid":3181},{"bookingid":40},{"bookingid":3885},{"bookingid":2563},{"bookingid":1410},{"bookingid":98},{"bookingid":2353},{"bookingid":1113},{"bookingid":1888},{"bookingid":1457},{"bookingid":527},{"bookingid":2132},{"bookingid":3886},{"bookingid":1251},{"bookingid":3709},{"bookingid":1173},{"bookingid":1088},{"bookingid":2034},{"bookingid":1527},{"bookingid":1174},{"bookingid":2906},{"bookingid":3681},{"bookingid":750},{"bookingid":1967},{"bookingid":2066},{"bookingid":4479},{"bookingid":2358},{"bookingid":668},{"bookingid":1991},{"bookingid":1338},{"bookingid":3789},{"bookingid":775},{"bookingid":81},{"bookingid":463},{"bookingid":4457},{"bookingid":1540},{"bookingid":2911},{"bookingid":53},{"bookingid":4426},{"bookingid":2927},{"bookingid":1768},{"bookingid":2397},{"bookingid":183},{"bookingid":4076},{"bookingid":2960},{"bookingid":232},{"bookingid":180},{"bookingid":517},{"bookingid":3176},{"bookingid":4420},{"bookingid":967},{"bookingid":559},{"bookingid":3983},{"bookingid":142},{"bookingid":582},{"bookingid":3371},{"bookingid":448},{"bookingid":2114},{"bookingid":1194},{"bookingid":1642},{"bookingid":1792},{"bookingid":3141},{"bookingid":445},{"bookingid":433},{"bookingid":3289},{"bookingid":1505},{"bookingid":573},{"bookingid":4437},{"bookingid":4066},{"bookingid":639},{"bookingid":3366},{"bookingid":3461},{"bookingid":3284},{"bookingid":1804},{"bookingid":1873},{"bookingid":1811},{"bookingid":2512},{"bookingid":1052},{"bookingid":1108},{"bookingid":2102},{"bookingid":920},{"bookingid":121},{"bookingid":2154},{"bookingid":1281},{"bookingid":447},{"bookingid":3857},{"bookingid":285},{"bookingid":2530},{"bookingid":850},{"bookingid":2020},{"bookingid":1414},{"bookingid":2322},{"bookingid":1796},{"bookingid":1760},{"bookingid":3099},{"bookingid":1322},{"bookingid":1538},{"bookingid":1972},{"bookingid":3665},{"bookingid":1935},{"bookingid":1280},{"bookingid":3463},{"bookingid":60},{"bookingid":2302},{"bookingid":1175},{"bookingid":3266},{"bookingid":3324},{"bookingid":4163},{"bookingid":33},{"bookingid":427},{"bookingid":895},{"bookingid":731},{"bookingid":774},{"bookingid":4325},{"bookingid":3653},{"bookingid":3768},{"bookingid":3581},{"bookingid":4208},{"bookingid":4445},{"bookingid":2505},{"bookingid":372},{"bookingid":3725},{"bookingid":4278},{"bookingid":3006},{"bookingid":1293},{"bookingid":3088},{"bookingid":1696},{"bookingid":3742},{"bookingid":2647},{"bookingid":166},{"bookingid":1958},{"bookingid":4493},{"bookingid":3556},{"bookingid":4461},{"bookingid":155},{"bookingid":3504},{"bookingid":2713},{"bookingid":3084},{"bookingid":1432},{"bookingid":688},{"bookingid":417},{"bookingid":1790},{"bookingid":1136},{"bookingid":4532},{"bookingid":1160},{"bookingid":343},{"bookingid":1154},{"bookingid":3960},{"bookingid":2356},{"bookingid":3298},{"bookingid":2135},{"bookingid":3196},{"bookingid":2510},{"bookingid":1157},{"bookingid":2749},{"bookingid":2156},{"bookingid":333},{"bookingid":4013},{"bookingid":1000},{"bookingid":3421},{"bookingid":2799},{"bookingid":1917},{"bookingid":2804},{"bookingid":1614},{"bookingid":2686},{"bookingid":2677},{"bookingid":842},{"bookingid":1018},{"bookingid":2964},{"bookingid":2691},{"bookingid":1355},{"bookingid":2343},{"bookingid":2538},{"bookingid":1352},{"bookingid":3049},{"bookingid":2297},{"bookingid":4297},{"bookingid":3551},{"bookingid":1822},{"bookingid":2807},{"bookingid":504},{"bookingid":230},{"bookingid":59},{"bookingid":2363},{"bookingid":1106},{"bookingid":32},{"bookingid":3901},{"bookingid":1139},{"bookingid":39},{"bookingid":3521},{"bookingid":4403},{"bookingid":1722},{"bookingid":1272},{"bookingid":1017},{"bookingid":3845},{"bookingid":3386},{"bookingid":2330},{"bookingid":3815},{"bookingid":4103},{"bookingid":1302},{"bookingid":2962},{"bookingid":446},{"bookingid":1300},{"bookingid":2176},{"bookingid":3094},{"bookingid":1702},{"bookingid":1742},{"bookingid":414},{"bookingid":1006},{"bookingid":2328},{"bookingid":3448},{"bookingid":2728},{"bookingid":1406},{"bookingid":645},{"bookingid":953},{"bookingid":663},{"bookingid":3856},{"bookingid":4410},{"bookingid":1724},{"bookingid":3966},{"bookingid":2975},{"bookingid":1028},{"bookingid":2753},{"bookingid":57},{"bookingid":373},{"bookingid":2577},{"bookingid":4469},{"bookingid":3535},{"bookingid":2885},{"bookingid":3255},{"bookingid":788},{"bookingid":2326},{"bookingid":1172},{"bookingid":2103},{"bookingid":3949},{"bookingid":2540},{"bookingid":786},{"bookingid":1054},{"bookingid":3061},{"bookingid":700},{"bookingid":723},{"bookingid":4089},{"bookingid":2059},{"bookingid":2711},{"bookingid":4283},{"bookingid":2370},{"bookingid":2000},{"bookingid":2993},{"bookingid":2579},{"bookingid":3436},{"bookingid":2693},{"bookingid":4},{"bookingid":3686},{"bookingid":3604},{"bookingid":3469},{"bookingid":2313},{"bookingid":3011},{"bookingid":2844},{"bookingid":4463},{"bookingid":588},{"bookingid":1427},{"bookingid":1831},{"bookingid":3254},{"bookingid":430},{"bookingid":66},{"bookingid":2144},{"bookingid":562},{"bookingid":4187},{"bookingid":411},{"bookingid":2872},{"bookingid":1379},{"bookingid":3821},{"bookingid":1218},{"bookingid":3241},{"bookingid":4315},{"bookingid":4229},{"bookingid":3347},{"bookingid":18},{"bookingid":3778},{"bookingid":701},{"bookingid":1124},{"bookingid":3228},{"bookingid":2290},{"bookingid":1407},{"bookingid":3293},{"bookingid":1587},{"bookingid":935},{"bookingid":3659},{"bookingid":1710},{"bookingid":215},{"bookingid":4411},{"bookingid":988},{"bookingid":2521},{"bookingid":2048},{"bookingid":3943},{"bookingid":2484},{"bookingid":282},{"bookingid":2172},{"bookingid":2044},{"bookingid":3282},{"bookingid":141},{"bookingid":1939},{"bookingid":763},{"bookingid":1982},{"bookingid":2680},{"bookingid":4535},{"bookingid":4373},{"bookingid":2681},{"bookingid":371},{"bookingid":3860},{"bookingid":4460},{"bookingid":2830},{"bookingid":761},{"bookingid":1875},{"bookingid":3835},{"bookingid":1921},{"bookingid":1771},{"bookingid":3408},{"bookingid":2937},{"bookingid":630},{"bookingid":3557},{"bookingid":2253},{"bookingid":1053},{"bookingid":2130},{"bookingid":2043},{"bookingid":2126},{"bookingid":393},{"bookingid":2996},{"bookingid":824},{"bookingid":4345},{"bookingid":2113},{"bookingid":1566},{"bookingid":3702},{"bookingid":170},{"bookingid":1348},{"bookingid":1201},{"bookingid":3610},{"bookingid":3249},{"bookingid":2115},{"bookingid":1963},{"bookingid":113},{"bookingid":3774},{"bookingid":1007},{"bookingid":4366},{"bookingid":1797},{"bookingid":1483},{"bookingid":3893},{"bookingid":1207},{"bookingid":2904},{"bookingid":3229},{"bookingid":2605},{"bookingid":1666},{"bookingid":2288},{"bookingid":296},{"bookingid":3533},{"bookingid":87},{"bookingid":3480},{"bookingid":3281},{"bookingid":3906},{"bookingid":449},{"bookingid":4044},{"bookingid":1482},{"bookingid":838},{"bookingid":2310},{"bookingid":1044},{"bookingid":4004},{"bookingid":3217},{"bookingid":2842},{"bookingid":4494},{"bookingid":2259},{"bookingid":3529},{"bookingid":695},{"bookingid":4323},{"bookingid":544},{"bookingid":1999},{"bookingid":890},{"bookingid":4282},{"bookingid":3056},{"bookingid":717},{"bookingid":4095},{"bookingid":2648},{"bookingid":1986},{"bookingid":3433},{"bookingid":3763},{"bookingid":1943},{"bookingid":2074},{"bookingid":391},{"bookingid":1931},{"bookingid":1633},{"bookingid":2614},{"bookingid":1166},{"bookingid":4449},{"bookingid":3704},{"bookingid":1601},{"bookingid":2956},{"bookingid":610},{"bookingid":4057},{"bookingid":1754},{"bookingid":1863},{"bookingid":1800},{"bookingid":74},{"bookingid":2291},{"bookingid":2633},{"bookingid":3004},{"bookingid":2636},{"bookingid":4514},{"bookingid":2293},{"bookingid":4073},{"bookingid":1597},{"bookingid":1720},{"bookingid":2497},{"bookingid":4127},{"bookingid":2825},{"bookingid":722},{"bookingid":554},{"bookingid":1829},{"bookingid":535},{"bookingid":110},{"bookingid":3003},{"bookingid":3680},{"bookingid":2315},{"bookingid":1968},{"bookingid":2723},{"bookingid":3579},{"bookingid":2863},{"bookingid":196},{"bookingid":1558},{"bookingid":1609},{"bookingid":206},{"bookingid":1501},{"bookingid":2019},{"bookingid":1480},{"bookingid":4058},{"bookingid":3225},{"bookingid":1853},{"bookingid":4120},{"bookingid":1069},{"bookingid":1842},{"bookingid":1983},{"bookingid":1313},{"bookingid":567},{"bookingid":3675},{"bookingid":209},{"bookingid":1258},{"bookingid":2316},{"bookingid":1163},{"bookingid":2916},{"bookingid":3195},{"bookingid":1730},{"bookingid":2266},{"bookingid":1981},{"bookingid":4251},{"bookingid":1664},{"bookingid":934},{"bookingid":4326},{"bookingid":2682},{"bookingid":2085},{"bookingid":1059},{"bookingid":2654},{"bookingid":2838},{"bookingid":4262},{"bookingid":1310},{"bookingid":3189},{"bookingid":1809},{"bookingid":2699},{"bookingid":661},{"bookingid":2796},{"bookingid":2957},{"bookingid":3236},{"bookingid":2303},{"bookingid":2831},{"bookingid":3769},{"bookingid":2991},{"bookingid":1002},{"bookingid":3584},{"bookingid":2233},{"bookingid":2746},{"bookingid":1076},{"bookingid":1756},{"bookingid":580},{"bookingid":2461},{"bookingid":410},{"bookingid":488},{"bookingid":178},{"bookingid":4243},{"bookingid":3305},{"bookingid":1247},{"bookingid":1227},{"bookingid":1537},{"bookingid":2209},{"bookingid":145},{"bookingid":607},{"bookingid":3030},{"bookingid":4334},{"bookingid":1158},{"bookingid":2111},{"bookingid":2161},{"bookingid":3224},{"bookingid":3481},{"bookingid":2946},{"bookingid":913},{"bookingid":651},{"bookingid":3672},{"bookingid":1259},{"bookingid":3435},{"bookingid":3711},{"bookingid":600},{"bookingid":3869},{"bookingid":832},{"bookingid":3470},{"bookingid":1950},{"bookingid":1975},{"bookingid":1944},{"bookingid":2982},{"bookingid":2286},{"bookingid":3601},{"bookingid":4132},{"bookingid":150},{"bookingid":2191},{"bookingid":4059},{"bookingid":915},{"bookingid":385},{"bookingid":659},{"bookingid":2346},{"bookingid":1680},{"bookingid":4224},{"bookingid":2460},{"bookingid":243},{"bookingid":4359},{"bookingid":2362},{"bookingid":4114},{"bookingid":1893},{"bookingid":3773},{"bookingid":2262},{"bookingid":4371},{"bookingid":1463},{"bookingid":2201},{"bookingid":2673},{"bookingid":3117},{"bookingid":2779},{"bookingid":2645},{"bookingid":3376},{"bookingid":284},{"bookingid":3819},{"bookingid":3143},{"bookingid":2440},{"bookingid":2033},{"bookingid":2533},{"bookingid":2514},{"bookingid":1392},{"bookingid":4309},{"bookingid":159},{"bookingid":3641},{"bookingid":2457},{"bookingid":2704},{"bookingid":921},{"bookingid":3199},{"bookingid":2141},{"bookingid":3393},{"bookingid":583},{"bookingid":1911},{"bookingid":1145},{"bookingid":4014},{"bookingid":1907},{"bookingid":1112},{"bookingid":38},{"bookingid":4136},{"bookingid":1998},{"bookingid":765},{"bookingid":107},{"bookingid":2393},{"bookingid":2865},{"bookingid":4508},{"bookingid":3038},{"bookingid":2056},{"bookingid":718},{"bookingid":4277},{"bookingid":351},{"bookingid":3210},{"bookingid":4499},{"bookingid":1824},{"bookingid":3374},{"bookingid":1122},{"bookingid":3295},{"bookingid":1401},{"bookingid":3051},{"bookingid":1417},{"bookingid":3668},{"bookingid":624},{"bookingid":3754},{"bookingid":566},{"bookingid":214},{"bookingid":987},{"bookingid":2210},{"bookingid":3684},{"bookingid":43},{"bookingid":1200},{"bookingid":975},{"bookingid":4468},{"bookingid":4305},{"bookingid":1462},{"bookingid":3685},{"bookingid":4459},{"bookingid":2439},{"bookingid":4204},{"bookingid":1918},{"bookingid":3576},{"bookingid":189},{"bookingid":3977},{"bookingid":4150},{"bookingid":123},{"bookingid":1830},{"bookingid":2248},{"bookingid":3257},{"bookingid":3268},{"bookingid":650},{"bookingid":1449},{"bookingid":191},{"bookingid":2240},{"bookingid":3797},{"bookingid":2881},{"bookingid":3638},{"bookingid":4195},{"bookingid":3730},{"bookingid":3708},{"bookingid":4106},{"bookingid":3593},{"bookingid":3625},{"bookingid":1467},{"bookingid":557},{"bookingid":2849},{"bookingid":2508},{"bookingid":187},{"bookingid":1323},{"bookingid":2613},{"bookingid":3611},{"bookingid":1367},{"bookingid":1675},{"bookingid":1416},{"bookingid":4153},{"bookingid":294},{"bookingid":3512},{"bookingid":1731},{"bookingid":4368},{"bookingid":2351},{"bookingid":1806},{"bookingid":3089},{"bookingid":458},{"bookingid":1291},{"bookingid":2284},{"bookingid":1461},{"bookingid":4320},{"bookingid":634},{"bookingid":3482},{"bookingid":2134},{"bookingid":4425},{"bookingid":2705},{"bookingid":748},{"bookingid":1420},{"bookingid":2765},{"bookingid":3239},{"bookingid":25},{"bookingid":2562},{"bookingid":642},{"bookingid":1314},{"bookingid":4384},{"bookingid":3629},{"bookingid":2736},{"bookingid":3174},{"bookingid":1616},{"bookingid":2382},{"bookingid":4438},{"bookingid":3186},{"bookingid":242},{"bookingid":1385},{"bookingid":2757},{"bookingid":1685},{"bookingid":2663},{"bookingid":1296},{"bookingid":932},{"bookingid":67},{"bookingid":4372},{"bookingid":581},{"bookingid":1655},{"bookingid":1725},{"bookingid":306},{"bookingid":3164},{"bookingid":2949},{"bookingid":83},{"bookingid":2277},{"bookingid":48},{"bookingid":3403},{"bookingid":2127},{"bookingid":26},{"bookingid":239},{"bookingid":3620},{"bookingid":240},{"bookingid":2523},{"bookingid":127},{"bookingid":1469},{"bookingid":4374},{"bookingid":261},{"bookingid":4194},{"bookingid":3194},{"bookingid":4147},{"bookingid":4177},{"bookingid":310},{"bookingid":1630},{"bookingid":1312},{"bookingid":2211},{"bookingid":401},{"bookingid":749},{"bookingid":778},{"bookingid":4053},{"bookingid":2388},{"bookingid":3809},{"bookingid":3972},{"bookingid":4363},{"bookingid":3390},{"bookingid":2625},{"bookingid":3520},{"bookingid":484},{"bookingid":1757},{"bookingid":276},{"bookingid":4041},{"bookingid":4259},{"bookingid":3926},{"bookingid":4258},{"bookingid":3832},{"bookingid":1264},{"bookingid":3917},{"bookingid":3948},{"bookingid":1930},{"bookingid":1011},{"bookingid":3796},{"bookingid":3840},{"bookingid":63},{"bookingid":1605},{"bookingid":593},{"bookingid":2520},{"bookingid":4170},{"bookingid":2734},{"bookingid":874},{"bookingid":341},{"bookingid":3190},{"bookingid":2364},{"bookingid":3695},{"bookingid":2462},{"bookingid":3344},{"bookingid":1705},{"bookingid":37},{"bookingid":2212},{"bookingid":533},{"bookingid":860},{"bookingid":819},{"bookingid":1920},{"bookingid":4295},{"bookingid":1125},{"bookingid":3309},{"bookingid":1340},{"bookingid":321},{"bookingid":2032},{"bookingid":203},{"bookingid":3574},{"bookingid":1149},{"bookingid":2954},{"bookingid":1277},{"bookingid":3473},{"bookingid":324},{"bookingid":2666},{"bookingid":254},{"bookingid":4407},{"bookingid":2336},{"bookingid":3313},{"bookingid":207},{"bookingid":4253},{"bookingid":3348},{"bookingid":3532},{"bookingid":3077},{"bookingid":4294},{"bookingid":2768},{"bookingid":3135},{"bookingid":3863},{"bookingid":3425},{"bookingid":699},{"bookingid":1398},{"bookingid":3956},{"bookingid":4396},{"bookingid":1749},{"bookingid":4340},{"bookingid":2075},{"bookingid":1949},{"bookingid":3633},{"bookingid":3392},{"bookingid":1048},{"bookingid":2690},{"bookingid":803},{"bookingid":134},{"bookingid":3267},{"bookingid":2884},{"bookingid":1560},{"bookingid":3341},{"bookingid":3258},{"bookingid":1191},{"bookingid":78},{"bookingid":3377},{"bookingid":2146},{"bookingid":269},{"bookingid":539},{"bookingid":4475},{"bookingid":255},{"bookingid":1176},{"bookingid":1072},{"bookingid":1770},{"bookingid":1266},{"bookingid":4228},{"bookingid":1334},{"bookingid":1273},{"bookingid":1736},{"bookingid":3439},{"bookingid":2464},{"bookingid":3646},{"bookingid":2142},{"bookingid":3755},{"bookingid":2959},{"bookingid":1878},{"bookingid":1837},{"bookingid":1359},{"bookingid":3985},{"bookingid":2575},{"bookingid":4111},{"bookingid":3963},{"bookingid":3383},{"bookingid":3055},{"bookingid":2030},{"bookingid":3410},{"bookingid":4473},{"bookingid":3150},{"bookingid":682},{"bookingid":928},{"bookingid":4131},{"bookingid":1373},{"bookingid":36},{"bookingid":2811},{"bookingid":2150},{"bookingid":1993},{"bookingid":4205},{"bookingid":3938},{"bookingid":3775},{"bookingid":939},{"bookingid":502},{"bookingid":1650},{"bookingid":1909},{"bookingid":1035},{"bookingid":4393},{"bookingid":1643},{"bookingid":364},{"bookingid":1423},{"bookingid":1493},{"bookingid":3454},{"bookingid":2537},{"bookingid":1877},{"bookingid":2700},{"bookingid":745},{"bookingid":3839},{"bookingid":1095},{"bookingid":3124},{"bookingid":3161},{"bookingid":739},{"bookingid":2224},{"bookingid":1945},{"bookingid":204},{"bookingid":1466},{"bookingid":694},{"bookingid":1274},{"bookingid":4412},{"bookingid":796},{"bookingid":783},{"bookingid":1434},{"bookingid":1198},{"bookingid":369},{"bookingid":1690},{"bookingid":4090},{"bookingid":4517},{"bookingid":300},{"bookingid":46},{"bookingid":222},{"bookingid":1481},{"bookingid":1093},{"bookingid":425},{"bookingid":1234},{"bookingid":3692},{"bookingid":969},{"bookingid":4428},{"bookingid":3622},{"bookingid":262},{"bookingid":256},{"bookingid":1640},{"bookingid":3904},{"bookingid":114},{"bookingid":961},{"bookingid":1101},{"bookingid":3356},{"bookingid":138},{"bookingid":3025},{"bookingid":3864},{"bookingid":3306},{"bookingid":2729},{"bookingid":4472},{"bookingid":3270},{"bookingid":1574},{"bookingid":1494},{"bookingid":4172},{"bookingid":3575},{"bookingid":476},{"bookingid":3063},{"bookingid":61},{"bookingid":2169},{"bookingid":381},{"bookingid":4098},{"bookingid":4317},{"bookingid":2995},{"bookingid":2042},{"bookingid":4143},{"bookingid":390},{"bookingid":2105},{"bookingid":1349},{"bookingid":375},{"bookingid":2667},{"bookingid":1859},{"bookingid":227},{"bookingid":994},{"bookingid":205},{"bookingid":910},{"bookingid":3726},{"bookingid":2116},{"bookingid":51},{"bookingid":2784},{"bookingid":2407},{"bookingid":2295},{"bookingid":361},{"bookingid":4347},{"bookingid":91},{"bookingid":3020},{"bookingid":759},{"bookingid":628},{"bookingid":1375},{"bookingid":1488},{"bookingid":144},{"bookingid":1206},{"bookingid":2643},{"bookingid":3142},{"bookingid":4287},{"bookingid":2609},{"bookingid":2235},{"bookingid":1115},{"bookingid":1554},{"bookingid":3538},{"bookingid":3401},{"bookingid":344},{"bookingid":552},{"bookingid":1526},{"bookingid":3722},{"bookingid":3567},{"bookingid":2244},{"bookingid":561},{"bookingid":460},{"bookingid":2232},{"bookingid":118},{"bookingid":3780},{"bookingid":3924},{"bookingid":2710},{"bookingid":2576},{"bookingid":873},{"bookingid":2158},{"bookingid":353},{"bookingid":2076},{"bookingid":1706},{"bookingid":1046},{"bookingid":2107},{"bookingid":2320},{"bookingid":1876},{"bookingid":1709},{"bookingid":1073},{"bookingid":3414},{"bookingid":816},{"bookingid":2339},{"bookingid":3283},{"bookingid":1938},{"bookingid":1900},{"bookingid":883},{"bookingid":1098},{"bookingid":1631},{"bookingid":538},{"bookingid":2809},{"bookingid":1592},{"bookingid":2087},{"bookingid":1097},{"bookingid":1661},{"bookingid":1468},{"bookingid":608},{"bookingid":4056},{"bookingid":3373},{"bookingid":480},{"bookingid":1610},{"bookingid":2737},{"bookingid":3477},{"bookingid":917},{"bookingid":631},{"bookingid":2548},{"bookingid":4225},{"bookingid":3676},{"bookingid":131},{"bookingid":2390},{"bookingid":635},{"bookingid":1319},{"bookingid":4352},{"bookingid":805},{"bookingid":2735},{"bookingid":2272},{"bookingid":226},{"bookingid":3397},{"bookingid":692},{"bookingid":1492},{"bookingid":2104},{"bookingid":530},{"bookingid":3440},{"bookingid":2287},{"bookingid":1299},{"bookingid":1654},{"bookingid":4265},{"bookingid":888},{"bookingid":3375},{"bookingid":4115},{"bookingid":3944},{"bookingid":789},{"bookingid":3434},{"bookingid":3980},{"bookingid":2923},{"bookingid":2441},{"bookingid":3784},{"bookingid":249},{"bookingid":2089},{"bookingid":2171},{"bookingid":1150},{"bookingid":2893},{"bookingid":3552},{"bookingid":1866},{"bookingid":3518},{"bookingid":70},{"bookingid":4342},{"bookingid":34},{"bookingid":1399},{"bookingid":1117},{"bookingid":1195},{"bookingid":3110},{"bookingid":1203},{"bookingid":1188},{"bookingid":2848},{"bookingid":2477},{"bookingid":4139},{"bookingid":2556},{"bookingid":4284},{"bookingid":790},{"bookingid":2016},{"bookingid":1503},{"bookingid":368},{"bookingid":3097},{"bookingid":352},{"bookingid":3978},{"bookingid":56},{"bookingid":2940},{"bookingid":3394},{"bookingid":1171},{"bookingid":103},{"bookingid":1034},{"bookingid":1753},{"bookingid":1128},{"bookingid":4222},{"bookingid":2189},{"bookingid":2997},{"bookingid":3211},{"bookingid":1068},{"bookingid":184},{"bookingid":616},{"bookingid":4032},{"bookingid":3989},{"bookingid":929},{"bookingid":1297},{"bookingid":2867},{"bookingid":4202},{"bookingid":462},{"bookingid":3987},{"bookingid":1520},{"bookingid":1050},{"bookingid":3291},{"bookingid":2903},{"bookingid":2561},{"bookingid":3214},{"bookingid":1199},{"bookingid":3842},{"bookingid":3008},{"bookingid":3250},{"bookingid":4360},{"bookingid":1922},{"bookingid":662},{"bookingid":1023},{"bookingid":1899},{"bookingid":3723},{"bookingid":1233},{"bookingid":50},{"bookingid":2197},{"bookingid":1929},{"bookingid":370},{"bookingid":4400},{"bookingid":396},{"bookingid":1567},{"bookingid":798},{"bookingid":2714},{"bookingid":553},{"bookingid":545},{"bookingid":2535},{"bookingid":4079},{"bookingid":1177},{"bookingid":1389},{"bookingid":1020},{"bookingid":158},{"bookingid":3331},{"bookingid":64},{"bookingid":2131},{"bookingid":1228},{"bookingid":3771},{"bookingid":3223},{"bookingid":1752},{"bookingid":1957},{"bookingid":1212},{"bookingid":1179},{"bookingid":105},{"bookingid":3101},{"bookingid":487},{"bookingid":4035},{"bookingid":1380},{"bookingid":3226},{"bookingid":4414},{"bookingid":2305},{"bookingid":1211},{"bookingid":3766},{"bookingid":3213},{"bookingid":3462},{"bookingid":3153},{"bookingid":42},{"bookingid":3891},{"bookingid":3235},{"bookingid":4020},{"bookingid":2858},{"bookingid":804},{"bookingid":3343},{"bookingid":4348},{"bookingid":3364},{"bookingid":412},{"bookingid":349},{"bookingid":2635},{"bookingid":260},{"bookingid":1144},{"bookingid":2843},{"bookingid":3644},{"bookingid":4333},{"bookingid":985},{"bookingid":3418},{"bookingid":876},{"bookingid":1287},{"bookingid":4065},{"bookingid":314},{"bookingid":1959},{"bookingid":4502},{"bookingid":3490},{"bookingid":1602},{"bookingid":228},{"bookingid":3939},{"bookingid":1758},{"bookingid":3395},{"bookingid":1397},{"bookingid":2355},{"bookingid":2511},{"bookingid":1976},{"bookingid":1808},{"bookingid":1618},{"bookingid":3614},{"bookingid":100},{"bookingid":1767},{"bookingid":4174},{"bookingid":4388},{"bookingid":4526},{"bookingid":3106},{"bookingid":1248},{"bookingid":2620},{"bookingid":691},{"bookingid":395},{"bookingid":519},{"bookingid":4171},{"bookingid":1033},{"bookingid":3560},{"bookingid":246},{"bookingid":4188},{"bookingid":1663},{"bookingid":1737},{"bookingid":236},{"bookingid":2557},{"bookingid":17},{"bookingid":647},{"bookingid":1470},{"bookingid":468},{"bookingid":4129},{"bookingid":30},{"bookingid":670},{"bookingid":3067},{"bookingid":1491},{"bookingid":894},{"bookingid":2500},{"bookingid":4211},{"bookingid":2361},{"bookingid":1635},{"bookingid":1615},{"bookingid":1419},{"bookingid":3849},{"bookingid":3188},{"bookingid":3612},{"bookingid":2821},{"bookingid":2455},{"bookingid":3308},{"bookingid":493},{"bookingid":3048},{"bookingid":1576},{"bookingid":1332},{"bookingid":4511},{"bookingid":685},{"bookingid":3748},{"bookingid":2077},{"bookingid":4054},{"bookingid":3602},{"bookingid":3076},{"bookingid":1687},{"bookingid":2771},{"bookingid":257},{"bookingid":3290},{"bookingid":1256},{"bookingid":823},{"bookingid":2064},{"bookingid":1583},{"bookingid":4158},{"bookingid":542},{"bookingid":2018},{"bookingid":686},{"bookingid":1001},{"bookingid":2566},{"bookingid":211},{"bookingid":1953},{"bookingid":4530},{"bookingid":1343},{"bookingid":1937},{"bookingid":1109},{"bookingid":3572},{"bookingid":2678},{"bookingid":3919},{"bookingid":2584},{"bookingid":1262},{"bookingid":3918},{"bookingid":2630},{"bookingid":2787},{"bookingid":146},{"bookingid":1082},{"bookingid":3761},{"bookingid":1997},{"bookingid":2659},{"bookingid":1647},{"bookingid":3528},{"bookingid":3320},{"bookingid":2862},{"bookingid":4260},{"bookingid":1928},{"bookingid":1927},{"bookingid":2624},{"bookingid":3333},{"bookingid":4168},{"bookingid":1087},{"bookingid":1439},{"bookingid":44},{"bookingid":1762},{"bookingid":1426},{"bookingid":1026},{"bookingid":200},{"bookingid":323},{"bookingid":4362},{"bookingid":1810},{"bookingid":3911},{"bookingid":1298},{"bookingid":3501},{"bookingid":3042},{"bookingid":116},{"bookingid":4522},{"bookingid":2596},{"bookingid":2752},{"bookingid":2205},{"bookingid":106},{"bookingid":1990},{"bookingid":903},{"bookingid":1832},{"bookingid":4496},{"bookingid":298},{"bookingid":4331},{"bookingid":332},{"bookingid":1672},{"bookingid":4406},{"bookingid":461},{"bookingid":978},{"bookingid":4354},{"bookingid":1219},{"bookingid":426},{"bookingid":2159},{"bookingid":253},{"bookingid":956},{"bookingid":777},{"bookingid":989},{"bookingid":2187},{"bookingid":3732},{"bookingid":1593},{"bookingid":86},{"bookingid":27},{"bookingid":340},{"bookingid":2992},{"bookingid":2242},{"bookingid":831},{"bookingid":2139},{"bookingid":117},{"bookingid":1886},{"bookingid":2487},{"bookingid":3694},{"bookingid":1913},{"bookingid":618},{"bookingid":330},{"bookingid":3116},{"bookingid":2880},{"bookingid":3496},{"bookingid":3712},{"bookingid":4138},{"bookingid":1356},{"bookingid":151},{"bookingid":3661},{"bookingid":4454},{"bookingid":3876},{"bookingid":1971},{"bookingid":3437},{"bookingid":2051},{"bookingid":3453},{"bookingid":3240},{"bookingid":1551},{"bookingid":3585},{"bookingid":1712},{"bookingid":2489},{"bookingid":4392},{"bookingid":316},{"bookingid":1103},{"bookingid":1872},{"bookingid":2640},{"bookingid":1936},{"bookingid":558},{"bookingid":970},{"bookingid":4306},{"bookingid":4481},{"bookingid":2216},{"bookingid":379},{"bookingid":1833},{"bookingid":3554},{"bookingid":3846},{"bookingid":2280},{"bookingid":1378},{"bookingid":3083},{"bookingid":3064},{"bookingid":1802},{"bookingid":4107},{"bookingid":3365},{"bookingid":1511},{"bookingid":846},{"bookingid":708},{"bookingid":2124},{"bookingid":452},{"bookingid":3894},{"bookingid":1092},{"bookingid":1114},{"bookingid":2296},{"bookingid":2193},{"bookingid":3867},{"bookingid":4466},{"bookingid":2587},{"bookingid":2689},{"bookingid":4319},{"bookingid":3227},{"bookingid":800},{"bookingid":3139},{"bookingid":4193},{"bookingid":288},{"bookingid":4031},{"bookingid":2873},{"bookingid":1879},{"bookingid":2988},{"bookingid":19},{"bookingid":3345},{"bookingid":1305},{"bookingid":1422},{"bookingid":1032},{"bookingid":1509},{"bookingid":1459},{"bookingid":2481},{"bookingid":1841},{"bookingid":3841},{"bookingid":313},{"bookingid":1719},{"bookingid":981},{"bookingid":1887},{"bookingid":96},{"bookingid":2509},{"bookingid":3837},{"bookingid":912},{"bookingid":3793},{"bookingid":678},{"bookingid":307},{"bookingid":4329},{"bookingid":3596},{"bookingid":1962},{"bookingid":3805},{"bookingid":1441},{"bookingid":3277},{"bookingid":90},{"bookingid":392},{"bookingid":997},{"bookingid":135},{"bookingid":4272},{"bookingid":569},{"bookingid":3119},{"bookingid":735},{"bookingid":1055},{"bookingid":1940},{"bookingid":2220},{"bookingid":1681},{"bookingid":2730},{"bookingid":403},{"bookingid":2170},{"bookingid":3297},{"bookingid":957},{"bookingid":626},{"bookingid":3178},{"bookingid":3495},{"bookingid":633},{"bookingid":1009},{"bookingid":398},{"bookingid":1682},{"bookingid":3627},{"bookingid":1151},{"bookingid":3321},{"bookingid":231},{"bookingid":2265},{"bookingid":2173},{"bookingid":3844},{"bookingid":274},{"bookingid":3081},{"bookingid":3746},{"bookingid":1516},{"bookingid":73},{"bookingid":279},{"bookingid":529},{"bookingid":2762},{"bookingid":2155},{"bookingid":119},{"bookingid":208},{"bookingid":1698},{"bookingid":3129},{"bookingid":1761},{"bookingid":1346},{"bookingid":358},{"bookingid":2121},{"bookingid":1751},{"bookingid":2432},{"bookingid":4513},{"bookingid":1010},{"bookingid":2816},{"bookingid":28},{"bookingid":1581},{"bookingid":47},{"bookingid":4377},{"bookingid":2981},{"bookingid":3750},{"bookingid":2926},{"bookingid":1260},{"bookingid":192},{"bookingid":1445},{"bookingid":3540},{"bookingid":2063},{"bookingid":2532},{"bookingid":2478},{"bookingid":3158},{"bookingid":3200},{"bookingid":4173},{"bookingid":4255},{"bookingid":129},{"bookingid":2183},{"bookingid":2662},{"bookingid":1781},{"bookingid":112},{"bookingid":815},{"bookingid":1525},{"bookingid":3577},{"bookingid":4123},{"bookingid":3112},{"bookingid":2433},{"bookingid":4192},{"bookingid":2726},{"bookingid":3171},{"bookingid":1895},{"bookingid":861},{"bookingid":4419},{"bookingid":3677},{"bookingid":2718},{"bookingid":4237},{"bookingid":4081},{"bookingid":2165},{"bookingid":2622},{"bookingid":2971},{"bookingid":4476},{"bookingid":275},{"bookingid":1788},{"bookingid":3586},{"bookingid":1689},{"bookingid":801},{"bookingid":886},{"bookingid":432},{"bookingid":1090},{"bookingid":597},{"bookingid":513},{"bookingid":857},{"bookingid":3974},{"bookingid":2491},{"bookingid":2186},{"bookingid":753},{"bookingid":2350},{"bookingid":2485},{"bookingid":147},{"bookingid":2793},{"bookingid":217},{"bookingid":4082},{"bookingid":2452},{"bookingid":2369},{"bookingid":3292},{"bookingid":1727},{"bookingid":154},{"bookingid":3036},{"bookingid":3222},{"bookingid":2492},{"bookingid":690},{"bookingid":376},{"bookingid":2544},{"bookingid":3062},{"bookingid":1612},{"bookingid":1629},{"bookingid":3100},{"bookingid":76},{"bookingid":869},{"bookingid":2282},{"bookingid":384},{"bookingid":2416},{"bookingid":2178},{"bookingid":1541},{"bookingid":4075},{"bookingid":3988},{"bookingid":2990},{"bookingid":3511},{"bookingid":181},{"bookingid":1464},{"bookingid":3830},{"bookingid":3715},{"bookingid":4540},{"bookingid":3243},{"bookingid":4293},{"bookingid":3432},{"bookingid":1856},{"bookingid":3824},{"bookingid":4351},{"bookingid":2010},{"bookingid":966},{"bookingid":2504},{"bookingid":4034},{"bookingid":93},{"bookingid":797},{"bookingid":949},{"bookingid":3337},{"bookingid":4435},{"bookingid":1669},{"bookingid":347},{"bookingid":3109},{"bookingid":2239},{"bookingid":1245},{"bookingid":948},{"bookingid":3071},{"bookingid":2414},{"bookingid":4055},{"bookingid":2026},{"bookingid":1549},{"bookingid":1096},{"bookingid":1897},{"bookingid":84},{"bookingid":730},{"bookingid":3981},{"bookingid":3853},{"bookingid":4043},{"bookingid":1438},{"bookingid":999},{"bookingid":3125},{"bookingid":1590},{"bookingid":148},{"bookingid":1119},{"bookingid":1637},{"bookingid":1261},{"bookingid":1860},{"bookingid":2907},{"bookingid":4456},{"bookingid":3749},{"bookingid":2095},{"bookingid":1651},{"bookingid":754},{"bookingid":2175},{"bookingid":1019},{"bookingid":1116},{"bookingid":4304},{"bookingid":3758},{"bookingid":2748},{"bookingid":2657},{"bookingid":4141},{"bookingid":2006},{"bookingid":4531},{"bookingid":4101},{"bookingid":4093},{"bookingid":3122},{"bookingid":3666},{"bookingid":55},{"bookingid":1431},{"bookingid":4241},{"bookingid":3278},{"bookingid":3801},{"bookingid":2463},{"bookingid":3621},{"bookingid":1789},{"bookingid":497},{"bookingid":3013},{"bookingid":1740},{"bookingid":309},{"bookingid":1688},{"bookingid":4113},{"bookingid":1858},{"bookingid":3913},{"bookingid":2445},{"bookingid":3087},{"bookingid":1031},{"bookingid":3619},{"bookingid":734},{"bookingid":3699},{"bookingid":24},{"bookingid":1627},{"bookingid":2994},{"bookingid":837},{"bookingid":4169},{"bookingid":649},{"bookingid":2380},{"bookingid":2901},{"bookingid":1889},{"bookingid":308},{"bookingid":1817},{"bookingid":3204},{"bookingid":161},{"bookingid":3559},{"bookingid":3041},{"bookingid":2518},{"bookingid":3069},{"bookingid":1008},{"bookingid":3649},{"bookingid":490},{"bookingid":4016},{"bookingid":335},{"bookingid":1553},{"bookingid":1495},{"bookingid":2474},{"bookingid":2791},{"bookingid":4021},{"bookingid":1192},{"bookingid":3488},{"bookingid":3553},{"bookingid":4006},{"bookingid":3039},{"bookingid":2219},{"bookingid":1677},{"bookingid":443},{"bookingid":4263},{"bookingid":99},{"bookingid":518},{"bookingid":2836},{"bookingid":1121},{"bookingid":660},{"bookingid":3471},{"bookingid":3814},{"bookingid":109},{"bookingid":4533},{"bookingid":4504},{"bookingid":4322},{"bookingid":2406},{"bookingid":2430},{"bookingid":2094},{"bookingid":188},{"bookingid":3606},{"bookingid":791},{"bookingid":3015},{"bookingid":168},{"bookingid":1568},{"bookingid":3115},{"bookingid":3655},{"bookingid":3460},{"bookingid":2470},{"bookingid":1453},{"bookingid":1282},{"bookingid":3548},{"bookingid":3312},{"bookingid":3216},{"bookingid":4154},{"bookingid":2608},{"bookingid":2945},{"bookingid":2701},{"bookingid":167},{"bookingid":1381},{"bookingid":320},{"bookingid":2023},{"bookingid":2081},{"bookingid":3307},{"bookingid":2013},{"bookingid":1456},{"bookingid":3202},{"bookingid":3563},{"bookingid":2451},{"bookingid":2564},{"bookingid":2411},{"bookingid":2394},{"bookingid":4471},{"bookingid":197},{"bookingid":194},{"bookingid":2951},{"bookingid":710},{"bookingid":2541},{"bookingid":3544},{"bookingid":153},{"bookingid":3838},{"bookingid":586},{"bookingid":2618},{"bookingid":1547},{"bookingid":2401},{"bookingid":828},{"bookingid":2117},{"bookingid":2381},{"bookingid":1181},{"bookingid":1851},{"bookingid":303},{"bookingid":2271},{"bookingid":270},{"bookingid":1430},{"bookingid":732},{"bookingid":3459},{"bookingid":2017},{"bookingid":3822},{"bookingid":681},{"bookingid":683},{"bookingid":1674},{"bookingid":2398},{"bookingid":213},{"bookingid":2493},{"bookingid":2826},{"bookingid":1523},{"bookingid":4341},{"bookingid":339},{"bookingid":1902},{"bookingid":902},{"bookingid":115},{"bookingid":4423},{"bookingid":4482},{"bookingid":377},{"bookingid":4037},{"bookingid":3874},{"bookingid":16},{"bookingid":2223},{"bookingid":3206},{"bookingid":3472},{"bookingid":2797},{"bookingid":2886},{"bookingid":405},{"bookingid":291},{"bookingid":2578},{"bookingid":2133},{"bookingid":2084},{"bookingid":264},{"bookingid":3447},{"bookingid":1022},{"bookingid":3967},{"bookingid":2469},{"bookingid":3187},{"bookingid":840},{"bookingid":4009},{"bookingid":500},{"bookingid":1079},{"bookingid":250},{"bookingid":827},{"bookingid":2616},{"bookingid":328},{"bookingid":201},{"bookingid":1628},{"bookingid":2801},{"bookingid":652},{"bookingid":1545},{"bookingid":21},{"bookingid":4116},{"bookingid":4271},{"bookingid":1279},{"bookingid":1377},{"bookingid":2961},{"bookingid":3198},{"bookingid":359},{"bookingid":962},{"bookingid":365},{"bookingid":3491},{"bookingid":72},{"bookingid":2419},{"bookingid":3613},{"bookingid":3935},{"bookingid":871},{"bookingid":2088},{"bookingid":2098},{"bookingid":357},{"bookingid":3733},{"bookingid":1773},{"bookingid":1699},{"bookingid":4122},{"bookingid":762},{"bookingid":2417},{"bookingid":292},{"bookingid":4012},{"bookingid":592},{"bookingid":1779},{"bookingid":1209},{"bookingid":2754},{"bookingid":1708},{"bookingid":12},{"bookingid":3332},{"bookingid":327},{"bookingid":598},{"bookingid":1118},{"bookingid":479},{"bookingid":494},{"bookingid":3023},{"bookingid":2914},{"bookingid":1146},{"bookingid":1546},{"bookingid":363},{"bookingid":3609},{"bookingid":725},{"bookingid":3449},{"bookingid":2866},{"bookingid":4350},{"bookingid":1350},{"bookingid":2670},{"bookingid":2507},{"bookingid":736},{"bookingid":498},{"bookingid":2812},{"bookingid":813},{"bookingid":3334},{"bookingid":1064},{"bookingid":3908},{"bookingid":1723},{"bookingid":4185},{"bookingid":991},{"bookingid":2925},{"bookingid":733},{"bookingid":1081},{"bookingid":2052},{"bookingid":909},{"bookingid":3238},{"bookingid":2459},{"bookingid":1130},{"bookingid":1653},{"bookingid":125},{"bookingid":4433},{"bookingid":3592},{"bookingid":104},{"bookingid":1415},{"bookingid":89},{"bookingid":833},{"bookingid":3542},{"bookingid":2311},{"bookingid":1126},{"bookingid":2861},{"bookingid":4289},{"bookingid":974},{"bookingid":325},{"bookingid":1951},{"bookingid":108},{"bookingid":3404},{"bookingid":1036},{"bookingid":3515},{"bookingid":3598},{"bookingid":3355},{"bookingid":1335},{"bookingid":2214},{"bookingid":465},{"bookingid":4470},{"bookingid":85},{"bookingid":965},{"bookingid":4080},{"bookingid":3871},{"bookingid":4447},{"bookingid":2294},{"bookingid":1316},{"bookingid":2434},{"bookingid":950},{"bookingid":2273},{"bookingid":2399},{"bookingid":2908},{"bookingid":290},{"bookingid":2490},{"bookingid":3691},{"bookingid":2267},{"bookingid":4130},{"bookingid":1301},{"bookingid":2378},{"bookingid":467},{"bookingid":3671},{"bookingid":3921},{"bookingid":1357},{"bookingid":3811},{"bookingid":1914},{"bookingid":3276},{"bookingid":3009},{"bookingid":937},{"bookingid":420},{"bookingid":233},{"bookingid":4446},{"bookingid":3075},{"bookingid":3993},{"bookingid":1846},{"bookingid":13},{"bookingid":1353},{"bookingid":2679},{"bookingid":1167},{"bookingid":29},{"bookingid":3514},{"bookingid":849},{"bookingid":4361},{"bookingid":4007},{"bookingid":2751},{"bookingid":424},{"bookingid":3543},{"bookingid":4500},{"bookingid":2436},{"bookingid":549},{"bookingid":1598},{"bookingid":2022},{"bookingid":171},{"bookingid":3902},{"bookingid":1634},{"bookingid":1707},{"bookingid":1502},{"bookingid":471},{"bookingid":820},{"bookingid":1496},{"bookingid":875},{"bookingid":3251},{"bookingid":441},{"bookingid":2882},{"bookingid":738},{"bookingid":4167},{"bookingid":1387},{"bookingid":71},{"bookingid":3735},{"bookingid":322},{"bookingid":3160},{"bookingid":4238},{"bookingid":1776},{"bookingid":4486},{"bookingid":2942},{"bookingid":1964},{"bookingid":1969},{"bookingid":2603},{"bookingid":1372},{"bookingid":3310},{"bookingid":1374},{"bookingid":4439},{"bookingid":1908},{"bookingid":404},{"bookingid":1823},{"bookingid":1336},{"bookingid":4215},{"bookingid":3078},{"bookingid":4337},{"bookingid":1365},{"bookingid":4257},{"bookingid":2340},{"bookingid":2334},{"bookingid":2003},{"bookingid":976},{"bookingid":235},{"bookingid":4328},{"bookingid":1148},{"bookingid":3304},{"bookingid":1596},{"bookingid":2250},{"bookingid":3880},{"bookingid":2966},{"bookingid":3517},{"bookingid":62},{"bookingid":2281},{"bookingid":1673},{"bookingid":2227},{"bookingid":505},{"bookingid":3326},{"bookingid":4506},{"bookingid":304},{"bookingid":2405},{"bookingid":2402},{"bookingid":896},{"bookingid":1307},{"bookingid":3743},{"bookingid":1364},{"bookingid":4269},{"bookingid":3169},{"bookingid":2442},{"bookingid":1978},{"bookingid":3402},{"bookingid":52},{"bookingid":1237},{"bookingid":69},{"bookingid":551},{"bookingid":1486},{"bookingid":3866},{"bookingid":3933},{"bookingid":4529},{"bookingid":960},{"bookingid":2047},{"bookingid":1498},{"bookingid":3942},{"bookingid":2392},{"bookingid":383},{"bookingid":179},{"bookingid":2426},{"bookingid":102},{"bookingid":1787},{"bookingid":3497},{"bookingid":4070},{"bookingid":156},{"bookingid":1534},{"bookingid":536},{"bookingid":1518},{"bookingid":2559},{"bookingid":4030},{"bookingid":2270},{"bookingid":771},{"bookingid":3674},{"bookingid":2989},{"bookingid":3358},{"bookingid":245},{"bookingid":1051},{"bookingid":1573},{"bookingid":4140},{"bookingid":4378},{"bookingid":3588},{"bookingid":157},{"bookingid":149},{"bookingid":1695},{"bookingid":2004},{"bookingid":2910},{"bookingid":1062},{"bookingid":1795},{"bookingid":1225},{"bookingid":3941},{"bookingid":3416},{"bookingid":272},{"bookingid":2628},{"bookingid":3114},{"bookingid":1785},{"bookingid":2905},{"bookingid":671},{"bookingid":525},{"bookingid":3253},{"bookingid":4418}]
bookingIdByname is 4017
response is [{"bookingid":4017},{"bookingid":2082},{"bookingid":3096},{"bookingid":1231},{"bookingid":2600},{"bookingid":478},{"bookingid":1977},{"bookingid":973},{"bookingid":632},{"bookingid":926},{"bookingid":4398},{"bookingid":2558},{"bookingid":901},{"bookingid":4385},{"bookingid":1946},{"bookingid":3861},{"bookingid":4227},{"bookingid":4231},{"bookingid":3399},{"bookingid":1440},{"bookingid":936},{"bookingid":1777},{"bookingid":3534},{"bookingid":3159},{"bookingid":4164},{"bookingid":1891},{"bookingid":1236},{"bookingid":2383},{"bookingid":210},{"bookingid":3179},{"bookingid":374},{"bookingid":2357},{"bookingid":1700},{"bookingid":1447},{"bookingid":177},{"bookingid":4458},{"bookingid":346},{"bookingid":2638},{"bookingid":809},{"bookingid":579},{"bookingid":268},{"bookingid":3280},{"bookingid":4061},{"bookingid":3103},{"bookingid":1570},{"bookingid":773},{"bookingid":1528},{"bookingid":998},{"bookingid":1994},{"bookingid":648},{"bookingid":3422},{"bookingid":1391},{"bookingid":152},{"bookingid":719},{"bookingid":4501},{"bookingid":3565},{"bookingid":4190},{"bookingid":675},{"bookingid":2641},{"bookingid":281},{"bookingid":746},{"bookingid":4523},{"bookingid":655},{"bookingid":4175},{"bookingid":3595},{"bookingid":2125},{"bookingid":3757},{"bookingid":3589},{"bookingid":532},{"bookingid":4036},{"bookingid":3794},{"bookingid":625},{"bookingid":2072},{"bookingid":4491},{"bookingid":3098},{"bookingid":3968},{"bookingid":2939},{"bookingid":2494},{"bookingid":4399},{"bookingid":2698},{"bookingid":1786},{"bookingid":839},{"bookingid":3550},{"bookingid":2894},{"bookingid":1715},{"bookingid":1848},{"bookingid":870},{"bookingid":4236},{"bookingid":3385},{"bookingid":3357},{"bookingid":4038},{"bookingid":2696},{"bookingid":1255},{"bookingid":1521},{"bookingid":3012},{"bookingid":163},{"bookingid":2391},{"bookingid":3367},{"bookingid":1321},{"bookingid":439},{"bookingid":3134},{"bookingid":2601},{"bookingid":2847},{"bookingid":2230},{"bookingid":2157},{"bookingid":185},{"bookingid":2228},{"bookingid":136},{"bookingid":160},{"bookingid":543},{"bookingid":4226},{"bookingid":2823},{"bookingid":4125},{"bookingid":1691},{"bookingid":2198},{"bookingid":547},{"bookingid":1904},{"bookingid":2488},{"bookingid":3923},{"bookingid":58},{"bookingid":4148},{"bookingid":3698},{"bookingid":563},{"bookingid":1443},{"bookingid":984},{"bookingid":2448},{"bookingid":1840},{"bookingid":2420},{"bookingid":2301},{"bookingid":1868},{"bookingid":4203},{"bookingid":747},{"bookingid":1819},{"bookingid":2611},{"bookingid":2325},{"bookingid":2592},{"bookingid":3294},{"bookingid":2163},{"bookingid":2778},{"bookingid":4051},{"bookingid":4268},{"bookingid":3952},{"bookingid":1473},{"bookingid":2543},{"bookingid":2190},{"bookingid":3892},{"bookingid":3479},{"bookingid":3237},{"bookingid":287},{"bookingid":1270},{"bookingid":606},{"bookingid":3878},{"bookingid":1147},{"bookingid":267},{"bookingid":879},{"bookingid":2036},{"bookingid":2783},{"bookingid":887},{"bookingid":4144},{"bookingid":4110},{"bookingid":3865},{"bookingid":1413},{"bookingid":14},{"bookingid":65},{"bookingid":1718},{"bookingid":2977},{"bookingid":2834},{"bookingid":4207},{"bookingid":2435},{"bookingid":483},{"bookingid":3639},{"bookingid":2480},{"bookingid":785},{"bookingid":3826},{"bookingid":130},{"bookingid":2140},{"bookingid":2646},{"bookingid":3070},{"bookingid":4487},{"bookingid":605},{"bookingid":2241},{"bookingid":706},{"bookingid":1184},{"bookingid":4382},{"bookingid":636},{"bookingid":273},{"bookingid":2593},{"bookingid":4452},{"bookingid":918},{"bookingid":3209},{"bookingid":2467},{"bookingid":1586},{"bookingid":2813},{"bookingid":4310},{"bookingid":2174},{"bookingid":537},{"bookingid":3478},{"bookingid":1507},{"bookingid":806},{"bookingid":2299},{"bookingid":3549},{"bookingid":3628},{"bookingid":2976},{"bookingid":1852},{"bookingid":4543},{"bookingid":941},{"bookingid":720},{"bookingid":2218},{"bookingid":2943},{"bookingid":2929},{"bookingid":164},{"bookingid":318},{"bookingid":2766},{"bookingid":2770},{"bookingid":1320},{"bookingid":3961},{"bookingid":3953},{"bookingid":3452},{"bookingid":1232},{"bookingid":3843},{"bookingid":587},{"bookingid":1625},{"bookingid":2260},{"bookingid":3975},{"bookingid":899},{"bookingid":1884},{"bookingid":3208},{"bookingid":11},{"bookingid":2627},{"bookingid":3242},{"bookingid":219},{"bookingid":3909},{"bookingid":1775},{"bookingid":2070},{"bookingid":3043},{"bookingid":2431},{"bookingid":4441},{"bookingid":1838},{"bookingid":2319},{"bookingid":221},{"bookingid":2046},{"bookingid":1684},{"bookingid":124},{"bookingid":1926},{"bookingid":4344},{"bookingid":1476},{"bookingid":3265},{"bookingid":4003},{"bookingid":4292},{"bookingid":1701},{"bookingid":3756},{"bookingid":1204},{"bookingid":302},{"bookingid":713},{"bookingid":293},{"bookingid":165},{"bookingid":2323},{"bookingid":2583},{"bookingid":1764},{"bookingid":469},{"bookingid":3256},{"bookingid":289},{"bookingid":4443},{"bookingid":1337},{"bookingid":3587},{"bookingid":94},{"bookingid":2542},{"bookingid":4448},{"bookingid":623},{"bookingid":1290},{"bookingid":3493},{"bookingid":3336},{"bookingid":2803},{"bookingid":31},{"bookingid":3010},{"bookingid":2876},{"bookingid":2898},{"bookingid":1548},{"bookingid":423},{"bookingid":919},{"bookingid":337},{"bookingid":2329},{"bookingid":2658},{"bookingid":413},{"bookingid":2944},{"bookingid":3513},{"bookingid":679},{"bookingid":1995},{"bookingid":1366},{"bookingid":2349},{"bookingid":4564},{"bookingid":3851},{"bookingid":2037},{"bookingid":3889},{"bookingid":466},{"bookingid":2655},{"bookingid":1543},{"bookingid":241},{"bookingid":1606},{"bookingid":1229},{"bookingid":3420},{"bookingid":454},{"bookingid":2458},{"bookingid":4375},{"bookingid":2887},{"bookingid":1271},{"bookingid":1091},{"bookingid":766},{"bookingid":2883},{"bookingid":3823},{"bookingid":3325},{"bookingid":522},{"bookingid":2827},{"bookingid":1155},{"bookingid":4152},{"bookingid":1898},{"bookingid":3438},{"bookingid":1662},{"bookingid":523},{"bookingid":4221},{"bookingid":4358},{"bookingid":2619},{"bookingid":4509},{"bookingid":751},{"bookingid":1613},{"bookingid":2229},{"bookingid":2818},{"bookingid":3296},{"bookingid":1844},{"bookingid":3060},{"bookingid":4209},{"bookingid":3054},{"bookingid":2888},{"bookingid":2850},{"bookingid":4519},{"bookingid":2817},{"bookingid":122},{"bookingid":4088},{"bookingid":2924},{"bookingid":1202},{"bookingid":589},{"bookingid":904},{"bookingid":3561},{"bookingid":2621},{"bookingid":2065},{"bookingid":169},{"bookingid":1845},{"bookingid":3728},{"bookingid":3007},{"bookingid":601},{"bookingid":1489},{"bookingid":2724},{"bookingid":2941},{"bookingid":4213},{"bookingid":415},{"bookingid":578},{"bookingid":3133},{"bookingid":202},{"bookingid":2331},{"bookingid":4242},{"bookingid":609},{"bookingid":2565},{"bookingid":88},{"bookingid":1572},{"bookingid":2263},{"bookingid":4356},{"bookingid":4335},{"bookingid":4427},{"bookingid":1803},{"bookingid":3657},{"bookingid":1738},{"bookingid":3149},{"bookingid":3970},{"bookingid":496},{"bookingid":3483},{"bookingid":23},{"bookingid":2789},{"bookingid":2408},{"bookingid":4027},{"bookingid":3804},{"bookingid":336},{"bookingid":3027},{"bookingid":3986},{"bookingid":2922},{"bookingid":342},{"bookingid":4151},{"bookingid":4330},{"bookingid":2423},{"bookingid":3536},{"bookingid":2093},{"bookingid":4040},{"bookingid":2933},{"bookingid":186},{"bookingid":2758},{"bookingid":2687},{"bookingid":1600},{"bookingid":1881},{"bookingid":1778},{"bookingid":2755},{"bookingid":1178},{"bookingid":2574},{"bookingid":4126},{"bookingid":4166},{"bookingid":3896},{"bookingid":2517},{"bookingid":1919},{"bookingid":2519},{"bookingid":477},{"bookingid":2246},{"bookingid":2891},{"bookingid":3994},{"bookingid":3057},{"bookingid":859},{"bookingid":572},{"bookingid":2708},{"bookingid":3354},{"bookingid":4507},{"bookingid":3441},{"bookingid":1317},{"bookingid":4178},{"bookingid":829},{"bookingid":3890},{"bookingid":3703},{"bookingid":3739},{"bookingid":3999},{"bookingid":4039},{"bookingid":3464},{"bookingid":1288},{"bookingid":1855},{"bookingid":1794},{"bookingid":3147},{"bookingid":3131},{"bookingid":4077},{"bookingid":4189},{"bookingid":2653},{"bookingid":1214},{"bookingid":4389},{"bookingid":507},{"bookingid":482},{"bookingid":1071},{"bookingid":977},{"bookingid":3862},{"bookingid":2200},{"bookingid":1649},{"bookingid":3166},{"bookingid":1400},{"bookingid":3979},{"bookingid":195},{"bookingid":2970},{"bookingid":3525},{"bookingid":2536},{"bookingid":852},{"bookingid":3958},{"bookingid":4520},{"bookingid":137},{"bookingid":2731},{"bookingid":3523},{"bookingid":2258},{"bookingid":3718},{"bookingid":4159},{"bookingid":1579},{"bookingid":866},{"bookingid":3342},{"bookingid":1882},{"bookingid":45},{"bookingid":1901},{"bookingid":704},{"bookingid":4234},{"bookingid":3311},{"bookingid":1102},{"bookingid":1747},{"bookingid":4134},{"bookingid":1339},{"bookingid":4247},{"bookingid":2709},{"bookingid":1223},{"bookingid":1451},{"bookingid":3148},{"bookingid":2496},{"bookingid":3716},{"bookingid":2980},{"bookingid":3782},{"bookingid":669},{"bookingid":2415},{"bookingid":1544},{"bookingid":3664},{"bookingid":3998},{"bookingid":4096},{"bookingid":2374},{"bookingid":75},{"bookingid":702},{"bookingid":92},{"bookingid":1989},{"bookingid":4275},{"bookingid":3082},{"bookingid":1183},{"bookingid":3656},{"bookingid":1578},{"bookingid":2744},{"bookingid":1141},{"bookingid":1862},{"bookingid":2372},{"bookingid":41},{"bookingid":2354},{"bookingid":1607},{"bookingid":3271},{"bookingid":4011},{"bookingid":4308},{"bookingid":4380},{"bookingid":1390},{"bookingid":176},{"bookingid":4249},{"bookingid":4390},{"bookingid":326},{"bookingid":2207},{"bookingid":2335},{"bookingid":22},{"bookingid":1652},{"bookingid":3637},{"bookingid":863},{"bookingid":2738},{"bookingid":1078},{"bookingid":1396},{"bookingid":674},{"bookingid":599},{"bookingid":175},{"bookingid":3489},{"bookingid":2855},{"bookingid":4434},{"bookingid":3372},{"bookingid":4436},{"bookingid":438},{"bookingid":1471},{"bookingid":3180},{"bookingid":3024},{"bookingid":1623},{"bookingid":3881},{"bookingid":286},{"bookingid":2776},{"bookingid":2479},{"bookingid":2581},{"bookingid":2938},{"bookingid":2083},{"bookingid":3777},{"bookingid":1668},{"bookingid":4109},{"bookingid":3138},{"bookingid":627},{"bookingid":3825},{"bookingid":2345},{"bookingid":3031},{"bookingid":3719},{"bookingid":1619},{"bookingid":1039},{"bookingid":1883},{"bookingid":4516},{"bookingid":3503},{"bookingid":3887},{"bookingid":1741},{"bookingid":3608},{"bookingid":440},{"bookingid":2160},{"bookingid":4244},{"bookingid":3571},{"bookingid":2835},{"bookingid":2071},{"bookingid":3028},{"bookingid":481},{"bookingid":3026},{"bookingid":4201},{"bookingid":911},{"bookingid":3693},{"bookingid":807},{"bookingid":891},{"bookingid":2371},{"bookingid":2096},{"bookingid":3690},{"bookingid":841},{"bookingid":305},{"bookingid":2252},{"bookingid":2591},{"bookingid":2869},{"bookingid":4288},{"bookingid":3721},{"bookingid":3363},{"bookingid":278},{"bookingid":3738},{"bookingid":897},{"bookingid":1814},{"bookingid":3155},{"bookingid":864},{"bookingid":4432},{"bookingid":1326},{"bookingid":2376},{"bookingid":990},{"bookingid":2972},{"bookingid":4285},{"bookingid":1433},{"bookingid":3888},{"bookingid":4302},{"bookingid":229},{"bookingid":1442},{"bookingid":1827},{"bookingid":4561},{"bookingid":2106},{"bookingid":1460},{"bookingid":212},{"bookingid":3381},{"bookingid":3505},{"bookingid":2012},{"bookingid":1697},{"bookingid":1499},{"bookingid":2539},{"bookingid":2547},{"bookingid":223},{"bookingid":3130},{"bookingid":3630},{"bookingid":2274},{"bookingid":4270},{"bookingid":889},{"bookingid":1745},{"bookingid":1870},{"bookingid":3212},{"bookingid":4381},{"bookingid":4048},{"bookingid":2785},{"bookingid":2973},{"bookingid":2007},{"bookingid":2695},{"bookingid":1524},{"bookingid":1477},{"bookingid":2009},{"bookingid":1591},{"bookingid":120},{"bookingid":4296},{"bookingid":3417},{"bookingid":1436},{"bookingid":2192},{"bookingid":4404},{"bookingid":696},{"bookingid":3670},{"bookingid":238},{"bookingid":1645},{"bookingid":4424},{"bookingid":3947},{"bookingid":2278},{"bookingid":2958},{"bookingid":428},{"bookingid":802},{"bookingid":3086},{"bookingid":4316},{"bookingid":4068},{"bookingid":3384},{"bookingid":388},{"bookingid":2852},{"bookingid":2570},{"bookingid":1329},{"bookingid":1142},{"bookingid":2851},{"bookingid":2777},{"bookingid":776},{"bookingid":3175},{"bookingid":3803},{"bookingid":1864},{"bookingid":4313},{"bookingid":3406},{"bookingid":3798},{"bookingid":82},{"bookingid":2742},{"bookingid":614},{"bookingid":2759},{"bookingid":855},{"bookingid":4417},{"bookingid":1514},{"bookingid":2720},{"bookingid":4019},{"bookingid":4273},{"bookingid":4156},{"bookingid":3127},{"bookingid":3713},{"bookingid":2612},{"bookingid":4527},{"bookingid":1948},{"bookingid":2846},{"bookingid":1530},{"bookingid":851},{"bookingid":2656},{"bookingid":3740},{"bookingid":3451},{"bookingid":1563},{"bookingid":2236},{"bookingid":2875},{"bookingid":2177},{"bookingid":1813},{"bookingid":3346},{"bookingid":3005},{"bookingid":2049},{"bookingid":944},{"bookingid":721},{"bookingid":4198},{"bookingid":512},{"bookingid":560},{"bookingid":3650},{"bookingid":3424},{"bookingid":2525},{"bookingid":49},{"bookingid":3667},{"bookingid":4210},{"bookingid":3502},{"bookingid":397},{"bookingid":3450},{"bookingid":2099},{"bookingid":1371},{"bookingid":825},{"bookingid":3050},{"bookingid":1732},{"bookingid":3423},{"bookingid":2308},{"bookingid":2348},{"bookingid":68},{"bookingid":772},{"bookingid":1222},{"bookingid":4015},{"bookingid":2221},{"bookingid":1241},{"bookingid":2143},{"bookingid":251},{"bookingid":1871},{"bookingid":2465},{"bookingid":2595},{"bookingid":259},{"bookingid":2021},{"bookingid":4546},{"bookingid":946},{"bookingid":3040},{"bookingid":951},{"bookingid":1746},{"bookingid":4240},{"bookingid":3234},{"bookingid":508},{"bookingid":1383},{"bookingid":3701},{"bookingid":2035},{"bookingid":2318},{"bookingid":4246},{"bookingid":2031},{"bookingid":3802},{"bookingid":3951},{"bookingid":515},{"bookingid":3744},{"bookingid":3599},{"bookingid":3252},{"bookingid":3934},{"bookingid":1061},{"bookingid":641},{"bookingid":2516},{"bookingid":615},{"bookingid":3269},{"bookingid":2147},{"bookingid":218},{"bookingid":193},{"bookingid":2782},{"bookingid":760},{"bookingid":4063},{"bookingid":2409},{"bookingid":4370},{"bookingid":3468},{"bookingid":464},{"bookingid":1058},{"bookingid":4387},{"bookingid":3152},{"bookingid":3506},{"bookingid":4078},{"bookingid":2928},{"bookingid":1239},{"bookingid":3322},{"bookingid":2979},{"bookingid":2597},{"bookingid":2045},{"bookingid":1138},{"bookingid":3915},{"bookingid":3772},{"bookingid":1659},{"bookingid":617},{"bookingid":3108},{"bookingid":1325},{"bookingid":2897},{"bookingid":931},{"bookingid":3073},{"bookingid":3827},{"bookingid":2719},{"bookingid":4118},{"bookingid":3936},{"bookingid":665},{"bookingid":868},{"bookingid":2385},{"bookingid":1047},{"bookingid":2377},{"bookingid":3191},{"bookingid":4490},{"bookingid":843},{"bookingid":1067},{"bookingid":619},{"bookingid":3264},{"bookingid":4099},{"bookingid":139},{"bookingid":1012},{"bookingid":1562},{"bookingid":2438},{"bookingid":924},{"bookingid":3419},{"bookingid":2717},{"bookingid":2247},{"bookingid":2450},{"bookingid":1041},{"bookingid":2617},{"bookingid":3927},{"bookingid":3745},{"bookingid":1985},{"bookingid":979},{"bookingid":1243},{"bookingid":3045},{"bookingid":1135},{"bookingid":2118},{"bookingid":2204},{"bookingid":3279},{"bookingid":514},{"bookingid":1360},{"bookingid":345},{"bookingid":3873},{"bookingid":2582},{"bookingid":4477},{"bookingid":943},{"bookingid":2594},{"bookingid":3162},{"bookingid":3123},{"bookingid":2062},{"bookingid":1253},{"bookingid":2546},{"bookingid":2061},{"bookingid":4485},{"bookingid":1170},{"bookingid":640},{"bookingid":1341},{"bookingid":2306},{"bookingid":703},{"bookingid":3788},{"bookingid":3136},{"bookingid":689},{"bookingid":3558},{"bookingid":2425},{"bookingid":510},{"bookingid":2706},{"bookingid":2639},{"bookingid":2554},{"bookingid":2805},{"bookingid":4554},{"bookingid":35},{"bookingid":3969},{"bookingid":4005},{"bookingid":444},{"bookingid":882},{"bookingid":2819},{"bookingid":354},{"bookingid":2833},{"bookingid":3323},{"bookingid":2642},{"bookingid":881},{"bookingid":234},{"bookingid":3858},{"bookingid":2300},{"bookingid":1100},{"bookingid":97},{"bookingid":4301},{"bookingid":4492},{"bookingid":2792},{"bookingid":2879},{"bookingid":2145},{"bookingid":3617},{"bookingid":77},{"bookingid":1230},{"bookingid":2341},{"bookingid":3389},{"bookingid":2050},{"bookingid":1049},{"bookingid":1024},{"bookingid":4528},{"bookingid":2254},{"bookingid":2573},{"bookingid":1254},{"bookingid":4220},{"bookingid":1304},{"bookingid":744},{"bookingid":906},{"bookingid":729},{"bookingid":1531},{"bookingid":3569},{"bookingid":2860},{"bookingid":3806},{"bookingid":3014},{"bookingid":4186},{"bookingid":1735},{"bookingid":3632},{"bookingid":3899},{"bookingid":2684},{"bookingid":3485},{"bookingid":4401},{"bookingid":3995},{"bookingid":3085},{"bookingid":3566},{"bookingid":2422},{"bookingid":1037},{"bookingid":705},{"bookingid":1186},{"bookingid":2912},{"bookingid":4311},{"bookingid":3645},{"bookingid":3508},{"bookingid":360},{"bookingid":3700},{"bookingid":2475},{"bookingid":3631},{"bookingid":4394},{"bookingid":3391},{"bookingid":1362},{"bookingid":959},{"bookingid":2741},{"bookingid":3132},{"bookingid":252},{"bookingid":1013},{"bookingid":1404},{"bookingid":2955},{"bookingid":4300},{"bookingid":3813},{"bookingid":3912},{"bookingid":317},{"bookingid":3957},{"bookingid":362},{"bookingid":2795},{"bookingid":1561},{"bookingid":3201},{"bookingid":1131},{"bookingid":3779},{"bookingid":3925},{"bookingid":3407},{"bookingid":2761},{"bookingid":442},{"bookingid":2652},{"bookingid":568},{"bookingid":646},{"bookingid":1585},{"bookingid":1226},{"bookingid":1205},{"bookingid":3883},{"bookingid":1565},{"bookingid":1066},{"bookingid":2764},{"bookingid":3185},{"bookingid":595},{"bookingid":1283},{"bookingid":126},{"bookingid":3065},{"bookingid":676},{"bookingid":2664},{"bookingid":1828},{"bookingid":2194},{"bookingid":2930},{"bookingid":3820},{"bookingid":499},{"bookingid":3729},{"bookingid":3319},{"bookingid":764},{"bookingid":3751},{"bookingid":111},{"bookingid":4565},{"bookingid":574},{"bookingid":2864},{"bookingid":2256},{"bookingid":781},{"bookingid":3792},{"bookingid":429},{"bookingid":2909},{"bookingid":1821},{"bookingid":1500},{"bookingid":1966},{"bookingid":3415},{"bookingid":3624},{"bookingid":575},{"bookingid":4087},{"bookingid":1070},{"bookingid":818},{"bookingid":1386},{"bookingid":3783},{"bookingid":182},{"bookingid":4104},{"bookingid":4212},{"bookingid":132},{"bookingid":3146},{"bookingid":3642},{"bookingid":95},{"bookingid":3524},{"bookingid":101},{"bookingid":853},{"bookingid":1933},{"bookingid":1278},{"bookingid":409},{"bookingid":4002},{"bookingid":4060},{"bookingid":3163},{"bookingid":3172},{"bookingid":2112},{"bookingid":2732},{"bookingid":1363},{"bookingid":3362},{"bookingid":792},{"bookingid":1955},{"bookingid":1816},{"bookingid":80},{"bookingid":1074},{"bookingid":271},{"bookingid":1641},{"bookingid":2828},{"bookingid":4094},{"bookingid":709},{"bookingid":2598},{"bookingid":2180},{"bookingid":311},{"bookingid":3353},{"bookingid":3539},{"bookingid":1621},{"bookingid":4444},{"bookingid":1801},{"bookingid":133},{"bookingid":3900},{"bookingid":128},{"bookingid":3037},{"bookingid":3181},{"bookingid":40},{"bookingid":3885},{"bookingid":2563},{"bookingid":1410},{"bookingid":98},{"bookingid":2353},{"bookingid":1113},{"bookingid":1888},{"bookingid":1457},{"bookingid":527},{"bookingid":2132},{"bookingid":3886},{"bookingid":1251},{"bookingid":3709},{"bookingid":1173},{"bookingid":1088},{"bookingid":2034},{"bookingid":1527},{"bookingid":1174},{"bookingid":2906},{"bookingid":3681},{"bookingid":750},{"bookingid":1967},{"bookingid":2066},{"bookingid":4479},{"bookingid":2358},{"bookingid":668},{"bookingid":1991},{"bookingid":1338},{"bookingid":3789},{"bookingid":775},{"bookingid":81},{"bookingid":463},{"bookingid":4457},{"bookingid":1540},{"bookingid":2911},{"bookingid":53},{"bookingid":4426},{"bookingid":2927},{"bookingid":1768},{"bookingid":2397},{"bookingid":183},{"bookingid":4076},{"bookingid":2960},{"bookingid":232},{"bookingid":180},{"bookingid":517},{"bookingid":3176},{"bookingid":4420},{"bookingid":967},{"bookingid":559},{"bookingid":3983},{"bookingid":142},{"bookingid":582},{"bookingid":3371},{"bookingid":448},{"bookingid":2114},{"bookingid":1194},{"bookingid":1642},{"bookingid":4545},{"bookingid":1792},{"bookingid":3141},{"bookingid":445},{"bookingid":433},{"bookingid":3289},{"bookingid":1505},{"bookingid":573},{"bookingid":4437},{"bookingid":4066},{"bookingid":639},{"bookingid":3366},{"bookingid":3461},{"bookingid":3284},{"bookingid":1804},{"bookingid":1873},{"bookingid":1811},{"bookingid":2512},{"bookingid":1052},{"bookingid":1108},{"bookingid":2102},{"bookingid":920},{"bookingid":121},{"bookingid":2154},{"bookingid":1281},{"bookingid":447},{"bookingid":3857},{"bookingid":285},{"bookingid":2530},{"bookingid":850},{"bookingid":2020},{"bookingid":1414},{"bookingid":2322},{"bookingid":1796},{"bookingid":1760},{"bookingid":3099},{"bookingid":1322},{"bookingid":1538},{"bookingid":1972},{"bookingid":3665},{"bookingid":1935},{"bookingid":1280},{"bookingid":3463},{"bookingid":60},{"bookingid":2302},{"bookingid":1175},{"bookingid":3266},{"bookingid":3324},{"bookingid":4163},{"bookingid":33},{"bookingid":427},{"bookingid":895},{"bookingid":731},{"bookingid":774},{"bookingid":4325},{"bookingid":3653},{"bookingid":3768},{"bookingid":3581},{"bookingid":4208},{"bookingid":4445},{"bookingid":2505},{"bookingid":372},{"bookingid":3725},{"bookingid":4278},{"bookingid":3006},{"bookingid":1293},{"bookingid":3088},{"bookingid":1696},{"bookingid":3742},{"bookingid":2647},{"bookingid":166},{"bookingid":1958},{"bookingid":4493},{"bookingid":3556},{"bookingid":4461},{"bookingid":155},{"bookingid":3504},{"bookingid":2713},{"bookingid":3084},{"bookingid":1432},{"bookingid":688},{"bookingid":417},{"bookingid":1790},{"bookingid":1136},{"bookingid":4532},{"bookingid":1160},{"bookingid":343},{"bookingid":1154},{"bookingid":3960},{"bookingid":2356},{"bookingid":3298},{"bookingid":2135},{"bookingid":3196},{"bookingid":2510},{"bookingid":1157},{"bookingid":2749},{"bookingid":2156},{"bookingid":333},{"bookingid":4013},{"bookingid":1000},{"bookingid":3421},{"bookingid":2799},{"bookingid":1917},{"bookingid":2804},{"bookingid":1614},{"bookingid":2686},{"bookingid":2677},{"bookingid":842},{"bookingid":1018},{"bookingid":2964},{"bookingid":2691},{"bookingid":1355},{"bookingid":2343},{"bookingid":2538},{"bookingid":1352},{"bookingid":3049},{"bookingid":2297},{"bookingid":4297},{"bookingid":3551},{"bookingid":1822},{"bookingid":2807},{"bookingid":504},{"bookingid":230},{"bookingid":59},{"bookingid":2363},{"bookingid":1106},{"bookingid":32},{"bookingid":3901},{"bookingid":1139},{"bookingid":39},{"bookingid":3521},{"bookingid":4403},{"bookingid":1722},{"bookingid":1272},{"bookingid":1017},{"bookingid":3845},{"bookingid":3386},{"bookingid":2330},{"bookingid":3815},{"bookingid":4103},{"bookingid":1302},{"bookingid":2962},{"bookingid":446},{"bookingid":1300},{"bookingid":2176},{"bookingid":3094},{"bookingid":1702},{"bookingid":1742},{"bookingid":414},{"bookingid":1006},{"bookingid":2328},{"bookingid":3448},{"bookingid":2728},{"bookingid":1406},{"bookingid":645},{"bookingid":953},{"bookingid":663},{"bookingid":3856},{"bookingid":4410},{"bookingid":1724},{"bookingid":3966},{"bookingid":2975},{"bookingid":1028},{"bookingid":2753},{"bookingid":57},{"bookingid":373},{"bookingid":2577},{"bookingid":4469},{"bookingid":3535},{"bookingid":2885},{"bookingid":3255},{"bookingid":788},{"bookingid":2326},{"bookingid":1172},{"bookingid":2103},{"bookingid":3949},{"bookingid":2540},{"bookingid":786},{"bookingid":1054},{"bookingid":3061},{"bookingid":700},{"bookingid":723},{"bookingid":4089},{"bookingid":2059},{"bookingid":2711},{"bookingid":4283},{"bookingid":2370},{"bookingid":2000},{"bookingid":2993},{"bookingid":2579},{"bookingid":3436},{"bookingid":2693},{"bookingid":4},{"bookingid":3686},{"bookingid":3604},{"bookingid":3469},{"bookingid":2313},{"bookingid":3011},{"bookingid":2844},{"bookingid":4463},{"bookingid":588},{"bookingid":1427},{"bookingid":1831},{"bookingid":3254},{"bookingid":430},{"bookingid":66},{"bookingid":2144},{"bookingid":562},{"bookingid":4187},{"bookingid":411},{"bookingid":2872},{"bookingid":1379},{"bookingid":3821},{"bookingid":1218},{"bookingid":3241},{"bookingid":4315},{"bookingid":4229},{"bookingid":3347},{"bookingid":18},{"bookingid":3778},{"bookingid":701},{"bookingid":1124},{"bookingid":3228},{"bookingid":2290},{"bookingid":1407},{"bookingid":3293},{"bookingid":1587},{"bookingid":935},{"bookingid":3659},{"bookingid":1710},{"bookingid":215},{"bookingid":4411},{"bookingid":988},{"bookingid":2521},{"bookingid":2048},{"bookingid":3943},{"bookingid":2484},{"bookingid":282},{"bookingid":2172},{"bookingid":2044},{"bookingid":3282},{"bookingid":141},{"bookingid":1939},{"bookingid":763},{"bookingid":1982},{"bookingid":2680},{"bookingid":4535},{"bookingid":4373},{"bookingid":2681},{"bookingid":371},{"bookingid":3860},{"bookingid":4460},{"bookingid":2830},{"bookingid":761},{"bookingid":1875},{"bookingid":3835},{"bookingid":1921},{"bookingid":1771},{"bookingid":3408},{"bookingid":2937},{"bookingid":630},{"bookingid":3557},{"bookingid":2253},{"bookingid":1053},{"bookingid":2130},{"bookingid":2043},{"bookingid":2126},{"bookingid":393},{"bookingid":2996},{"bookingid":824},{"bookingid":4345},{"bookingid":2113},{"bookingid":1566},{"bookingid":3702},{"bookingid":170},{"bookingid":1348},{"bookingid":1201},{"bookingid":3610},{"bookingid":3249},{"bookingid":2115},{"bookingid":1963},{"bookingid":113},{"bookingid":3774},{"bookingid":1007},{"bookingid":4366},{"bookingid":1797},{"bookingid":1483},{"bookingid":3893},{"bookingid":1207},{"bookingid":2904},{"bookingid":3229},{"bookingid":2605},{"bookingid":1666},{"bookingid":2288},{"bookingid":296},{"bookingid":3533},{"bookingid":87},{"bookingid":3480},{"bookingid":3281},{"bookingid":3906},{"bookingid":449},{"bookingid":4044},{"bookingid":1482},{"bookingid":838},{"bookingid":2310},{"bookingid":1044},{"bookingid":4004},{"bookingid":3217},{"bookingid":2842},{"bookingid":4494},{"bookingid":2259},{"bookingid":3529},{"bookingid":695},{"bookingid":4323},{"bookingid":544},{"bookingid":1999},{"bookingid":890},{"bookingid":4282},{"bookingid":3056},{"bookingid":717},{"bookingid":4095},{"bookingid":2648},{"bookingid":1986},{"bookingid":3433},{"bookingid":3763},{"bookingid":1943},{"bookingid":2074},{"bookingid":391},{"bookingid":1931},{"bookingid":1633},{"bookingid":2614},{"bookingid":1166},{"bookingid":4449},{"bookingid":3704},{"bookingid":1601},{"bookingid":2956},{"bookingid":610},{"bookingid":4057},{"bookingid":1754},{"bookingid":1863},{"bookingid":1800},{"bookingid":74},{"bookingid":2291},{"bookingid":2633},{"bookingid":3004},{"bookingid":2636},{"bookingid":4514},{"bookingid":2293},{"bookingid":4073},{"bookingid":1597},{"bookingid":1720},{"bookingid":2497},{"bookingid":4127},{"bookingid":2825},{"bookingid":722},{"bookingid":554},{"bookingid":1829},{"bookingid":535},{"bookingid":110},{"bookingid":3003},{"bookingid":3680},{"bookingid":2315},{"bookingid":1968},{"bookingid":2723},{"bookingid":3579},{"bookingid":2863},{"bookingid":196},{"bookingid":1558},{"bookingid":1609},{"bookingid":206},{"bookingid":1501},{"bookingid":2019},{"bookingid":1480},{"bookingid":4058},{"bookingid":3225},{"bookingid":1853},{"bookingid":4120},{"bookingid":1069},{"bookingid":1842},{"bookingid":1983},{"bookingid":1313},{"bookingid":567},{"bookingid":3675},{"bookingid":209},{"bookingid":1258},{"bookingid":2316},{"bookingid":1163},{"bookingid":2916},{"bookingid":3195},{"bookingid":1730},{"bookingid":2266},{"bookingid":1981},{"bookingid":4251},{"bookingid":1664},{"bookingid":934},{"bookingid":4326},{"bookingid":2682},{"bookingid":2085},{"bookingid":1059},{"bookingid":2654},{"bookingid":2838},{"bookingid":4262},{"bookingid":1310},{"bookingid":3189},{"bookingid":1809},{"bookingid":2699},{"bookingid":661},{"bookingid":2796},{"bookingid":2957},{"bookingid":3236},{"bookingid":2303},{"bookingid":2831},{"bookingid":3769},{"bookingid":2991},{"bookingid":1002},{"bookingid":3584},{"bookingid":2233},{"bookingid":2746},{"bookingid":1076},{"bookingid":1756},{"bookingid":580},{"bookingid":2461},{"bookingid":410},{"bookingid":488},{"bookingid":178},{"bookingid":4243},{"bookingid":3305},{"bookingid":1247},{"bookingid":1227},{"bookingid":1537},{"bookingid":2209},{"bookingid":145},{"bookingid":607},{"bookingid":3030},{"bookingid":4334},{"bookingid":1158},{"bookingid":2111},{"bookingid":2161},{"bookingid":3224},{"bookingid":3481},{"bookingid":2946},{"bookingid":913},{"bookingid":651},{"bookingid":3672},{"bookingid":1259},{"bookingid":3435},{"bookingid":3711},{"bookingid":600},{"bookingid":3869},{"bookingid":832},{"bookingid":3470},{"bookingid":1950},{"bookingid":1975},{"bookingid":1944},{"bookingid":2982},{"bookingid":2286},{"bookingid":3601},{"bookingid":4132},{"bookingid":150},{"bookingid":2191},{"bookingid":4059},{"bookingid":915},{"bookingid":385},{"bookingid":659},{"bookingid":2346},{"bookingid":1680},{"bookingid":4224},{"bookingid":2460},{"bookingid":243},{"bookingid":4359},{"bookingid":2362},{"bookingid":4114},{"bookingid":1893},{"bookingid":3773},{"bookingid":2262},{"bookingid":4371},{"bookingid":1463},{"bookingid":2201},{"bookingid":2673},{"bookingid":3117},{"bookingid":2779},{"bookingid":2645},{"bookingid":3376},{"bookingid":284},{"bookingid":3819},{"bookingid":3143},{"bookingid":2440},{"bookingid":2033},{"bookingid":2533},{"bookingid":2514},{"bookingid":1392},{"bookingid":4309},{"bookingid":159},{"bookingid":3641},{"bookingid":2457},{"bookingid":2704},{"bookingid":921},{"bookingid":3199},{"bookingid":2141},{"bookingid":3393},{"bookingid":583},{"bookingid":1911},{"bookingid":1145},{"bookingid":4014},{"bookingid":1907},{"bookingid":1112},{"bookingid":38},{"bookingid":4136},{"bookingid":1998},{"bookingid":765},{"bookingid":107},{"bookingid":2393},{"bookingid":2865},{"bookingid":4508},{"bookingid":3038},{"bookingid":2056},{"bookingid":718},{"bookingid":4277},{"bookingid":351},{"bookingid":3210},{"bookingid":4499},{"bookingid":1824},{"bookingid":3374},{"bookingid":1122},{"bookingid":3295},{"bookingid":1401},{"bookingid":3051},{"bookingid":1417},{"bookingid":3668},{"bookingid":624},{"bookingid":3754},{"bookingid":566},{"bookingid":214},{"bookingid":987},{"bookingid":2210},{"bookingid":3684},{"bookingid":43},{"bookingid":1200},{"bookingid":975},{"bookingid":4468},{"bookingid":4305},{"bookingid":1462},{"bookingid":3685},{"bookingid":4459},{"bookingid":2439},{"bookingid":4204},{"bookingid":1918},{"bookingid":3576},{"bookingid":189},{"bookingid":3977},{"bookingid":4150},{"bookingid":4557},{"bookingid":123},{"bookingid":1830},{"bookingid":2248},{"bookingid":3257},{"bookingid":3268},{"bookingid":650},{"bookingid":1449},{"bookingid":191},{"bookingid":2240},{"bookingid":3797},{"bookingid":2881},{"bookingid":3638},{"bookingid":4195},{"bookingid":3730},{"bookingid":3708},{"bookingid":4106},{"bookingid":3593},{"bookingid":3625},{"bookingid":1467},{"bookingid":557},{"bookingid":2849},{"bookingid":2508},{"bookingid":187},{"bookingid":1323},{"bookingid":2613},{"bookingid":3611},{"bookingid":1367},{"bookingid":1675},{"bookingid":1416},{"bookingid":4153},{"bookingid":294},{"bookingid":3512},{"bookingid":1731},{"bookingid":4368},{"bookingid":2351},{"bookingid":1806},{"bookingid":3089},{"bookingid":458},{"bookingid":1291},{"bookingid":2284},{"bookingid":1461},{"bookingid":4320},{"bookingid":634},{"bookingid":3482},{"bookingid":2134},{"bookingid":4425},{"bookingid":2705},{"bookingid":748},{"bookingid":1420},{"bookingid":2765},{"bookingid":3239},{"bookingid":25},{"bookingid":2562},{"bookingid":642},{"bookingid":1314},{"bookingid":4384},{"bookingid":3629},{"bookingid":2736},{"bookingid":3174},{"bookingid":1616},{"bookingid":2382},{"bookingid":4438},{"bookingid":3186},{"bookingid":242},{"bookingid":1385},{"bookingid":2757},{"bookingid":1685},{"bookingid":2663},{"bookingid":1296},{"bookingid":932},{"bookingid":67},{"bookingid":4372},{"bookingid":581},{"bookingid":1655},{"bookingid":1725},{"bookingid":4558},{"bookingid":4542},{"bookingid":306},{"bookingid":3164},{"bookingid":2949},{"bookingid":83},{"bookingid":2277},{"bookingid":48},{"bookingid":3403},{"bookingid":2127},{"bookingid":26},{"bookingid":239},{"bookingid":3620},{"bookingid":240},{"bookingid":2523},{"bookingid":127},{"bookingid":1469},{"bookingid":4374},{"bookingid":261},{"bookingid":4544},{"bookingid":4194},{"bookingid":3194},{"bookingid":4147},{"bookingid":4177},{"bookingid":310},{"bookingid":1630},{"bookingid":1312},{"bookingid":2211},{"bookingid":401},{"bookingid":749},{"bookingid":778},{"bookingid":4053},{"bookingid":2388},{"bookingid":3809},{"bookingid":3972},{"bookingid":4363},{"bookingid":3390},{"bookingid":2625},{"bookingid":3520},{"bookingid":484},{"bookingid":1757},{"bookingid":276},{"bookingid":4041},{"bookingid":4259},{"bookingid":3926},{"bookingid":4258},{"bookingid":3832},{"bookingid":1264},{"bookingid":3917},{"bookingid":3948},{"bookingid":1930},{"bookingid":1011},{"bookingid":3796},{"bookingid":3840},{"bookingid":63},{"bookingid":1605},{"bookingid":593},{"bookingid":2520},{"bookingid":4170},{"bookingid":2734},{"bookingid":874},{"bookingid":341},{"bookingid":3190},{"bookingid":2364},{"bookingid":3695},{"bookingid":2462},{"bookingid":3344},{"bookingid":1705},{"bookingid":37},{"bookingid":2212},{"bookingid":533},{"bookingid":860},{"bookingid":819},{"bookingid":1920},{"bookingid":4295},{"bookingid":1125},{"bookingid":3309},{"bookingid":1340},{"bookingid":321},{"bookingid":2032},{"bookingid":203},{"bookingid":3574},{"bookingid":1149},{"bookingid":2954},{"bookingid":1277},{"bookingid":3473},{"bookingid":324},{"bookingid":2666},{"bookingid":254},{"bookingid":4407},{"bookingid":2336},{"bookingid":3313},{"bookingid":207},{"bookingid":4253},{"bookingid":3348},{"bookingid":3532},{"bookingid":3077},{"bookingid":4294},{"bookingid":2768},{"bookingid":3135},{"bookingid":3863},{"bookingid":3425},{"bookingid":699},{"bookingid":1398},{"bookingid":3956},{"bookingid":4396},{"bookingid":1749},{"bookingid":4340},{"bookingid":2075},{"bookingid":1949},{"bookingid":3633},{"bookingid":3392},{"bookingid":1048},{"bookingid":2690},{"bookingid":803},{"bookingid":134},{"bookingid":3267},{"bookingid":2884},{"bookingid":1560},{"bookingid":3341},{"bookingid":3258},{"bookingid":1191},{"bookingid":78},{"bookingid":3377},{"bookingid":2146},{"bookingid":269},{"bookingid":539},{"bookingid":4475},{"bookingid":255},{"bookingid":1176},{"bookingid":1072},{"bookingid":1770},{"bookingid":1266},{"bookingid":4228},{"bookingid":1334},{"bookingid":1273},{"bookingid":1736},{"bookingid":3439},{"bookingid":2464},{"bookingid":3646},{"bookingid":2142},{"bookingid":3755},{"bookingid":2959},{"bookingid":1878},{"bookingid":1837},{"bookingid":1359},{"bookingid":3985},{"bookingid":2575},{"bookingid":4111},{"bookingid":3963},{"bookingid":3383},{"bookingid":3055},{"bookingid":2030},{"bookingid":3410},{"bookingid":4473},{"bookingid":3150},{"bookingid":682},{"bookingid":928},{"bookingid":4131},{"bookingid":1373},{"bookingid":36},{"bookingid":2811},{"bookingid":4551},{"bookingid":2150},{"bookingid":1993},{"bookingid":4205},{"bookingid":3938},{"bookingid":3775},{"bookingid":939},{"bookingid":502},{"bookingid":1650},{"bookingid":1909},{"bookingid":1035},{"bookingid":4393},{"bookingid":1643},{"bookingid":364},{"bookingid":1423},{"bookingid":1493},{"bookingid":3454},{"bookingid":2537},{"bookingid":1877},{"bookingid":2700},{"bookingid":745},{"bookingid":3839},{"bookingid":1095},{"bookingid":3124},{"bookingid":3161},{"bookingid":739},{"bookingid":2224},{"bookingid":1945},{"bookingid":204},{"bookingid":1466},{"bookingid":694},{"bookingid":1274},{"bookingid":4412},{"bookingid":796},{"bookingid":783},{"bookingid":1434},{"bookingid":1198},{"bookingid":369},{"bookingid":1690},{"bookingid":4556},{"bookingid":4090},{"bookingid":4517},{"bookingid":300},{"bookingid":46},{"bookingid":222},{"bookingid":1481},{"bookingid":1093},{"bookingid":425},{"bookingid":1234},{"bookingid":3692},{"bookingid":969},{"bookingid":4428},{"bookingid":3622},{"bookingid":262},{"bookingid":256},{"bookingid":1640},{"bookingid":3904},{"bookingid":114},{"bookingid":961},{"bookingid":1101},{"bookingid":3356},{"bookingid":138},{"bookingid":3025},{"bookingid":3864},{"bookingid":3306},{"bookingid":2729},{"bookingid":4472},{"bookingid":3270},{"bookingid":1574},{"bookingid":1494},{"bookingid":4172},{"bookingid":3575},{"bookingid":476},{"bookingid":3063},{"bookingid":61},{"bookingid":2169},{"bookingid":381},{"bookingid":4098},{"bookingid":4317},{"bookingid":2995},{"bookingid":2042},{"bookingid":4143},{"bookingid":390},{"bookingid":2105},{"bookingid":1349},{"bookingid":375},{"bookingid":2667},{"bookingid":1859},{"bookingid":227},{"bookingid":994},{"bookingid":205},{"bookingid":910},{"bookingid":3726},{"bookingid":2116},{"bookingid":51},{"bookingid":2784},{"bookingid":2407},{"bookingid":2295},{"bookingid":361},{"bookingid":4347},{"bookingid":91},{"bookingid":3020},{"bookingid":759},{"bookingid":628},{"bookingid":1375},{"bookingid":1488},{"bookingid":144},{"bookingid":1206},{"bookingid":2643},{"bookingid":3142},{"bookingid":4287},{"bookingid":2609},{"bookingid":2235},{"bookingid":1115},{"bookingid":1554},{"bookingid":3538},{"bookingid":3401},{"bookingid":344},{"bookingid":552},{"bookingid":1526},{"bookingid":3722},{"bookingid":3567},{"bookingid":2244},{"bookingid":561},{"bookingid":460},{"bookingid":2232},{"bookingid":118},{"bookingid":3780},{"bookingid":3924},{"bookingid":2710},{"bookingid":2576},{"bookingid":873},{"bookingid":2158},{"bookingid":353},{"bookingid":2076},{"bookingid":1706},{"bookingid":1046},{"bookingid":2107},{"bookingid":2320},{"bookingid":1876},{"bookingid":1709},{"bookingid":1073},{"bookingid":3414},{"bookingid":816},{"bookingid":2339},{"bookingid":3283},{"bookingid":1938},{"bookingid":1900},{"bookingid":883},{"bookingid":1098},{"bookingid":1631},{"bookingid":538},{"bookingid":2809},{"bookingid":4553},{"bookingid":1592},{"bookingid":2087},{"bookingid":1097},{"bookingid":1661},{"bookingid":1468},{"bookingid":608},{"bookingid":4056},{"bookingid":3373},{"bookingid":480},{"bookingid":1610},{"bookingid":2737},{"bookingid":3477},{"bookingid":917},{"bookingid":631},{"bookingid":2548},{"bookingid":4225},{"bookingid":3676},{"bookingid":131},{"bookingid":2390},{"bookingid":635},{"bookingid":1319},{"bookingid":4352},{"bookingid":805},{"bookingid":2735},{"bookingid":2272},{"bookingid":226},{"bookingid":3397},{"bookingid":692},{"bookingid":1492},{"bookingid":4548},{"bookingid":2104},{"bookingid":530},{"bookingid":3440},{"bookingid":2287},{"bookingid":1299},{"bookingid":1654},{"bookingid":4265},{"bookingid":888},{"bookingid":3375},{"bookingid":4115},{"bookingid":3944},{"bookingid":789},{"bookingid":3434},{"bookingid":3980},{"bookingid":2923},{"bookingid":2441},{"bookingid":3784},{"bookingid":249},{"bookingid":2089},{"bookingid":2171},{"bookingid":1150},{"bookingid":2893},{"bookingid":3552},{"bookingid":1866},{"bookingid":3518},{"bookingid":70},{"bookingid":4342},{"bookingid":34},{"bookingid":1399},{"bookingid":1117},{"bookingid":1195},{"bookingid":3110},{"bookingid":1203},{"bookingid":1188},{"bookingid":2848},{"bookingid":2477},{"bookingid":4139},{"bookingid":2556},{"bookingid":4284},{"bookingid":790},{"bookingid":2016},{"bookingid":1503},{"bookingid":368},{"bookingid":3097},{"bookingid":352},{"bookingid":3978},{"bookingid":56},{"bookingid":2940},{"bookingid":3394},{"bookingid":1171},{"bookingid":103},{"bookingid":1034},{"bookingid":1753},{"bookingid":1128},{"bookingid":4222},{"bookingid":2189},{"bookingid":2997},{"bookingid":3211},{"bookingid":1068},{"bookingid":184},{"bookingid":616},{"bookingid":4032},{"bookingid":3989},{"bookingid":929},{"bookingid":1297},{"bookingid":2867},{"bookingid":4202},{"bookingid":462},{"bookingid":3987},{"bookingid":1520},{"bookingid":1050},{"bookingid":3291},{"bookingid":2903},{"bookingid":2561},{"bookingid":3214},{"bookingid":1199},{"bookingid":3842},{"bookingid":3008},{"bookingid":3250},{"bookingid":4360},{"bookingid":1922},{"bookingid":662},{"bookingid":1023},{"bookingid":1899},{"bookingid":3723},{"bookingid":1233},{"bookingid":50},{"bookingid":2197},{"bookingid":1929},{"bookingid":370},{"bookingid":4400},{"bookingid":396},{"bookingid":1567},{"bookingid":798},{"bookingid":2714},{"bookingid":553},{"bookingid":545},{"bookingid":2535},{"bookingid":4079},{"bookingid":1177},{"bookingid":1389},{"bookingid":1020},{"bookingid":158},{"bookingid":3331},{"bookingid":64},{"bookingid":2131},{"bookingid":1228},{"bookingid":3771},{"bookingid":3223},{"bookingid":1752},{"bookingid":1957},{"bookingid":1212},{"bookingid":1179},{"bookingid":105},{"bookingid":3101},{"bookingid":487},{"bookingid":4035},{"bookingid":1380},{"bookingid":3226},{"bookingid":4414},{"bookingid":2305},{"bookingid":1211},{"bookingid":3766},{"bookingid":3213},{"bookingid":3462},{"bookingid":3153},{"bookingid":42},{"bookingid":3891},{"bookingid":3235},{"bookingid":4020},{"bookingid":2858},{"bookingid":804},{"bookingid":3343},{"bookingid":4348},{"bookingid":3364},{"bookingid":412},{"bookingid":349},{"bookingid":2635},{"bookingid":260},{"bookingid":1144},{"bookingid":2843},{"bookingid":3644},{"bookingid":4333},{"bookingid":985},{"bookingid":3418},{"bookingid":876},{"bookingid":1287},{"bookingid":4065},{"bookingid":314},{"bookingid":1959},{"bookingid":4502},{"bookingid":3490},{"bookingid":1602},{"bookingid":228},{"bookingid":3939},{"bookingid":1758},{"bookingid":3395},{"bookingid":1397},{"bookingid":2355},{"bookingid":2511},{"bookingid":1976},{"bookingid":1808},{"bookingid":1618},{"bookingid":3614},{"bookingid":100},{"bookingid":1767},{"bookingid":4174},{"bookingid":4388},{"bookingid":4526},{"bookingid":3106},{"bookingid":1248},{"bookingid":2620},{"bookingid":691},{"bookingid":395},{"bookingid":519},{"bookingid":4171},{"bookingid":1033},{"bookingid":3560},{"bookingid":246},{"bookingid":4188},{"bookingid":1663},{"bookingid":1737},{"bookingid":236},{"bookingid":2557},{"bookingid":17},{"bookingid":647},{"bookingid":1470},{"bookingid":468},{"bookingid":4129},{"bookingid":30},{"bookingid":670},{"bookingid":3067},{"bookingid":1491},{"bookingid":894},{"bookingid":2500},{"bookingid":4211},{"bookingid":2361},{"bookingid":1635},{"bookingid":1615},{"bookingid":1419},{"bookingid":3849},{"bookingid":3188},{"bookingid":3612},{"bookingid":2821},{"bookingid":2455},{"bookingid":3308},{"bookingid":493},{"bookingid":3048},{"bookingid":1576},{"bookingid":1332},{"bookingid":4511},{"bookingid":685},{"bookingid":3748},{"bookingid":2077},{"bookingid":4054},{"bookingid":3602},{"bookingid":3076},{"bookingid":1687},{"bookingid":2771},{"bookingid":257},{"bookingid":3290},{"bookingid":1256},{"bookingid":823},{"bookingid":2064},{"bookingid":1583},{"bookingid":4158},{"bookingid":542},{"bookingid":2018},{"bookingid":686},{"bookingid":1001},{"bookingid":2566},{"bookingid":211},{"bookingid":1953},{"bookingid":4530},{"bookingid":1343},{"bookingid":1937},{"bookingid":1109},{"bookingid":3572},{"bookingid":2678},{"bookingid":3919},{"bookingid":2584},{"bookingid":1262},{"bookingid":3918},{"bookingid":2630},{"bookingid":2787},{"bookingid":146},{"bookingid":1082},{"bookingid":3761},{"bookingid":1997},{"bookingid":2659},{"bookingid":1647},{"bookingid":3528},{"bookingid":3320},{"bookingid":2862},{"bookingid":4260},{"bookingid":1928},{"bookingid":1927},{"bookingid":2624},{"bookingid":3333},{"bookingid":4168},{"bookingid":1087},{"bookingid":1439},{"bookingid":44},{"bookingid":1762},{"bookingid":1426},{"bookingid":1026},{"bookingid":200},{"bookingid":323},{"bookingid":4362},{"bookingid":1810},{"bookingid":3911},{"bookingid":1298},{"bookingid":3501},{"bookingid":3042},{"bookingid":116},{"bookingid":4522},{"bookingid":2596},{"bookingid":2752},{"bookingid":2205},{"bookingid":106},{"bookingid":1990},{"bookingid":903},{"bookingid":1832},{"bookingid":4496},{"bookingid":298},{"bookingid":4331},{"bookingid":332},{"bookingid":1672},{"bookingid":4406},{"bookingid":461},{"bookingid":978},{"bookingid":4354},{"bookingid":1219},{"bookingid":426},{"bookingid":2159},{"bookingid":253},{"bookingid":956},{"bookingid":777},{"bookingid":989},{"bookingid":2187},{"bookingid":3732},{"bookingid":1593},{"bookingid":86},{"bookingid":27},{"bookingid":340},{"bookingid":2992},{"bookingid":2242},{"bookingid":831},{"bookingid":2139},{"bookingid":117},{"bookingid":1886},{"bookingid":2487},{"bookingid":3694},{"bookingid":1913},{"bookingid":618},{"bookingid":330},{"bookingid":3116},{"bookingid":2880},{"bookingid":3496},{"bookingid":3712},{"bookingid":4138},{"bookingid":1356},{"bookingid":151},{"bookingid":3661},{"bookingid":4454},{"bookingid":3876},{"bookingid":1971},{"bookingid":3437},{"bookingid":2051},{"bookingid":3453},{"bookingid":3240},{"bookingid":1551},{"bookingid":3585},{"bookingid":1712},{"bookingid":2489},{"bookingid":4392},{"bookingid":316},{"bookingid":1103},{"bookingid":1872},{"bookingid":2640},{"bookingid":1936},{"bookingid":558},{"bookingid":970},{"bookingid":4306},{"bookingid":4481},{"bookingid":2216},{"bookingid":379},{"bookingid":1833},{"bookingid":3554},{"bookingid":3846},{"bookingid":2280},{"bookingid":1378},{"bookingid":3083},{"bookingid":3064},{"bookingid":1802},{"bookingid":4107},{"bookingid":3365},{"bookingid":1511},{"bookingid":846},{"bookingid":708},{"bookingid":2124},{"bookingid":452},{"bookingid":3894},{"bookingid":1092},{"bookingid":1114},{"bookingid":2296},{"bookingid":2193},{"bookingid":3867},{"bookingid":4466},{"bookingid":2587},{"bookingid":2689},{"bookingid":4319},{"bookingid":3227},{"bookingid":800},{"bookingid":3139},{"bookingid":4193},{"bookingid":288},{"bookingid":4031},{"bookingid":2873},{"bookingid":1879},{"bookingid":2988},{"bookingid":19},{"bookingid":3345},{"bookingid":1305},{"bookingid":1422},{"bookingid":1032},{"bookingid":1509},{"bookingid":1459},{"bookingid":2481},{"bookingid":1841},{"bookingid":3841},{"bookingid":313},{"bookingid":1719},{"bookingid":981},{"bookingid":1887},{"bookingid":96},{"bookingid":2509},{"bookingid":3837},{"bookingid":912},{"bookingid":3793},{"bookingid":678},{"bookingid":307},{"bookingid":4329},{"bookingid":3596},{"bookingid":1962},{"bookingid":3805},{"bookingid":1441},{"bookingid":3277},{"bookingid":90},{"bookingid":392},{"bookingid":997},{"bookingid":135},{"bookingid":4272},{"bookingid":569},{"bookingid":3119},{"bookingid":735},{"bookingid":1055},{"bookingid":1940},{"bookingid":2220},{"bookingid":1681},{"bookingid":2730},{"bookingid":403},{"bookingid":2170},{"bookingid":3297},{"bookingid":957},{"bookingid":626},{"bookingid":3178},{"bookingid":3495},{"bookingid":633},{"bookingid":1009},{"bookingid":398},{"bookingid":1682},{"bookingid":3627},{"bookingid":1151},{"bookingid":3321},{"bookingid":231},{"bookingid":2265},{"bookingid":2173},{"bookingid":3844},{"bookingid":274},{"bookingid":3081},{"bookingid":3746},{"bookingid":1516},{"bookingid":73},{"bookingid":279},{"bookingid":529},{"bookingid":2762},{"bookingid":2155},{"bookingid":119},{"bookingid":208},{"bookingid":1698},{"bookingid":3129},{"bookingid":1761},{"bookingid":1346},{"bookingid":358},{"bookingid":2121},{"bookingid":1751},{"bookingid":2432},{"bookingid":4513},{"bookingid":1010},{"bookingid":2816},{"bookingid":28},{"bookingid":1581},{"bookingid":47},{"bookingid":4377},{"bookingid":2981},{"bookingid":3750},{"bookingid":2926},{"bookingid":1260},{"bookingid":192},{"bookingid":1445},{"bookingid":3540},{"bookingid":2063},{"bookingid":2532},{"bookingid":2478},{"bookingid":3158},{"bookingid":3200},{"bookingid":4173},{"bookingid":4255},{"bookingid":129},{"bookingid":2183},{"bookingid":2662},{"bookingid":1781},{"bookingid":112},{"bookingid":815},{"bookingid":1525},{"bookingid":3577},{"bookingid":4123},{"bookingid":3112},{"bookingid":2433},{"bookingid":4192},{"bookingid":2726},{"bookingid":3171},{"bookingid":1895},{"bookingid":861},{"bookingid":4419},{"bookingid":3677},{"bookingid":2718},{"bookingid":4237},{"bookingid":4081},{"bookingid":2165},{"bookingid":2622},{"bookingid":2971},{"bookingid":4476},{"bookingid":275},{"bookingid":1788},{"bookingid":3586},{"bookingid":1689},{"bookingid":4541},{"bookingid":801},{"bookingid":886},{"bookingid":432},{"bookingid":1090},{"bookingid":597},{"bookingid":513},{"bookingid":857},{"bookingid":3974},{"bookingid":2491},{"bookingid":2186},{"bookingid":753},{"bookingid":2350},{"bookingid":2485},{"bookingid":147},{"bookingid":2793},{"bookingid":217},{"bookingid":4082},{"bookingid":2452},{"bookingid":2369},{"bookingid":3292},{"bookingid":1727},{"bookingid":154},{"bookingid":3036},{"bookingid":3222},{"bookingid":2492},{"bookingid":690},{"bookingid":376},{"bookingid":2544},{"bookingid":3062},{"bookingid":1612},{"bookingid":1629},{"bookingid":3100},{"bookingid":76},{"bookingid":869},{"bookingid":2282},{"bookingid":384},{"bookingid":2416},{"bookingid":2178},{"bookingid":1541},{"bookingid":4075},{"bookingid":3988},{"bookingid":2990},{"bookingid":3511},{"bookingid":181},{"bookingid":1464},{"bookingid":3830},{"bookingid":3715},{"bookingid":4540},{"bookingid":3243},{"bookingid":4293},{"bookingid":3432},{"bookingid":1856},{"bookingid":3824},{"bookingid":4351},{"bookingid":2010},{"bookingid":966},{"bookingid":2504},{"bookingid":4034},{"bookingid":93},{"bookingid":797},{"bookingid":949},{"bookingid":3337},{"bookingid":4435},{"bookingid":1669},{"bookingid":347},{"bookingid":3109},{"bookingid":2239},{"bookingid":1245},{"bookingid":948},{"bookingid":3071},{"bookingid":2414},{"bookingid":4055},{"bookingid":2026},{"bookingid":1549},{"bookingid":1096},{"bookingid":1897},{"bookingid":84},{"bookingid":730},{"bookingid":3981},{"bookingid":3853},{"bookingid":4043},{"bookingid":1438},{"bookingid":999},{"bookingid":3125},{"bookingid":1590},{"bookingid":148},{"bookingid":1119},{"bookingid":1637},{"bookingid":1261},{"bookingid":1860},{"bookingid":2907},{"bookingid":4456},{"bookingid":3749},{"bookingid":2095},{"bookingid":1651},{"bookingid":754},{"bookingid":2175},{"bookingid":1019},{"bookingid":1116},{"bookingid":4304},{"bookingid":3758},{"bookingid":2748},{"bookingid":2657},{"bookingid":4141},{"bookingid":2006},{"bookingid":4531},{"bookingid":4101},{"bookingid":4093},{"bookingid":3122},{"bookingid":3666},{"bookingid":55},{"bookingid":1431},{"bookingid":4241},{"bookingid":3278},{"bookingid":3801},{"bookingid":2463},{"bookingid":3621},{"bookingid":1789},{"bookingid":497},{"bookingid":3013},{"bookingid":1740},{"bookingid":309},{"bookingid":1688},{"bookingid":4113},{"bookingid":1858},{"bookingid":3913},{"bookingid":2445},{"bookingid":3087},{"bookingid":1031},{"bookingid":3619},{"bookingid":734},{"bookingid":4562},{"bookingid":3699},{"bookingid":24},{"bookingid":1627},{"bookingid":2994},{"bookingid":837},{"bookingid":4169},{"bookingid":649},{"bookingid":2380},{"bookingid":2901},{"bookingid":1889},{"bookingid":308},{"bookingid":1817},{"bookingid":3204},{"bookingid":161},{"bookingid":3559},{"bookingid":3041},{"bookingid":2518},{"bookingid":3069},{"bookingid":1008},{"bookingid":3649},{"bookingid":490},{"bookingid":4016},{"bookingid":335},{"bookingid":1553},{"bookingid":1495},{"bookingid":2474},{"bookingid":2791},{"bookingid":4021},{"bookingid":1192},{"bookingid":3488},{"bookingid":3553},{"bookingid":4006},{"bookingid":3039},{"bookingid":2219},{"bookingid":1677},{"bookingid":443},{"bookingid":4263},{"bookingid":99},{"bookingid":518},{"bookingid":2836},{"bookingid":1121},{"bookingid":660},{"bookingid":3471},{"bookingid":3814},{"bookingid":109},{"bookingid":4533},{"bookingid":4504},{"bookingid":4322},{"bookingid":2406},{"bookingid":2430},{"bookingid":2094},{"bookingid":188},{"bookingid":3606},{"bookingid":791},{"bookingid":3015},{"bookingid":168},{"bookingid":1568},{"bookingid":3115},{"bookingid":3655},{"bookingid":3460},{"bookingid":2470},{"bookingid":1453},{"bookingid":1282},{"bookingid":3548},{"bookingid":3312},{"bookingid":3216},{"bookingid":4154},{"bookingid":2608},{"bookingid":2945},{"bookingid":2701},{"bookingid":167},{"bookingid":1381},{"bookingid":320},{"bookingid":2023},{"bookingid":2081},{"bookingid":3307},{"bookingid":2013},{"bookingid":1456},{"bookingid":3202},{"bookingid":3563},{"bookingid":2451},{"bookingid":2564},{"bookingid":2411},{"bookingid":2394},{"bookingid":4471},{"bookingid":197},{"bookingid":194},{"bookingid":2951},{"bookingid":710},{"bookingid":2541},{"bookingid":3544},{"bookingid":153},{"bookingid":3838},{"bookingid":586},{"bookingid":2618},{"bookingid":1547},{"bookingid":2401},{"bookingid":828},{"bookingid":2117},{"bookingid":2381},{"bookingid":1181},{"bookingid":1851},{"bookingid":303},{"bookingid":4560},{"bookingid":2271},{"bookingid":270},{"bookingid":1430},{"bookingid":732},{"bookingid":3459},{"bookingid":2017},{"bookingid":3822},{"bookingid":681},{"bookingid":683},{"bookingid":1674},{"bookingid":2398},{"bookingid":213},{"bookingid":2493},{"bookingid":2826},{"bookingid":1523},{"bookingid":4341},{"bookingid":339},{"bookingid":1902},{"bookingid":902},{"bookingid":115},{"bookingid":4423},{"bookingid":4482},{"bookingid":377},{"bookingid":4037},{"bookingid":3874},{"bookingid":16},{"bookingid":2223},{"bookingid":3206},{"bookingid":3472},{"bookingid":2797},{"bookingid":2886},{"bookingid":405},{"bookingid":291},{"bookingid":2578},{"bookingid":2133},{"bookingid":2084},{"bookingid":264},{"bookingid":3447},{"bookingid":1022},{"bookingid":3967},{"bookingid":2469},{"bookingid":3187},{"bookingid":840},{"bookingid":4009},{"bookingid":500},{"bookingid":1079},{"bookingid":250},{"bookingid":827},{"bookingid":2616},{"bookingid":328},{"bookingid":201},{"bookingid":1628},{"bookingid":2801},{"bookingid":652},{"bookingid":1545},{"bookingid":21},{"bookingid":4116},{"bookingid":4271},{"bookingid":1279},{"bookingid":1377},{"bookingid":2961},{"bookingid":3198},{"bookingid":359},{"bookingid":962},{"bookingid":365},{"bookingid":3491},{"bookingid":72},{"bookingid":2419},{"bookingid":3613},{"bookingid":3935},{"bookingid":871},{"bookingid":2088},{"bookingid":2098},{"bookingid":357},{"bookingid":3733},{"bookingid":1773},{"bookingid":1699},{"bookingid":4122},{"bookingid":762},{"bookingid":2417},{"bookingid":292},{"bookingid":4012},{"bookingid":592},{"bookingid":1779},{"bookingid":1209},{"bookingid":2754},{"bookingid":1708},{"bookingid":12},{"bookingid":3332},{"bookingid":327},{"bookingid":598},{"bookingid":1118},{"bookingid":479},{"bookingid":494},{"bookingid":3023},{"bookingid":2914},{"bookingid":4555},{"bookingid":1146},{"bookingid":1546},{"bookingid":363},{"bookingid":3609},{"bookingid":725},{"bookingid":3449},{"bookingid":2866},{"bookingid":4350},{"bookingid":1350},{"bookingid":2670},{"bookingid":2507},{"bookingid":736},{"bookingid":498},{"bookingid":2812},{"bookingid":813},{"bookingid":3334},{"bookingid":1064},{"bookingid":3908},{"bookingid":1723},{"bookingid":4185},{"bookingid":991},{"bookingid":2925},{"bookingid":733},{"bookingid":1081},{"bookingid":2052},{"bookingid":909},{"bookingid":3238},{"bookingid":2459},{"bookingid":1130},{"bookingid":1653},{"bookingid":125},{"bookingid":4433},{"bookingid":3592},{"bookingid":104},{"bookingid":1415},{"bookingid":89},{"bookingid":833},{"bookingid":3542},{"bookingid":2311},{"bookingid":1126},{"bookingid":2861},{"bookingid":4289},{"bookingid":974},{"bookingid":325},{"bookingid":1951},{"bookingid":108},{"bookingid":3404},{"bookingid":1036},{"bookingid":3515},{"bookingid":3598},{"bookingid":3355},{"bookingid":1335},{"bookingid":2214},{"bookingid":465},{"bookingid":4470},{"bookingid":85},{"bookingid":965},{"bookingid":4080},{"bookingid":3871},{"bookingid":4447},{"bookingid":2294},{"bookingid":1316},{"bookingid":2434},{"bookingid":950},{"bookingid":2273},{"bookingid":2399},{"bookingid":2908},{"bookingid":290},{"bookingid":2490},{"bookingid":3691},{"bookingid":2267},{"bookingid":4130},{"bookingid":1301},{"bookingid":2378},{"bookingid":467},{"bookingid":3671},{"bookingid":3921},{"bookingid":1357},{"bookingid":3811},{"bookingid":1914},{"bookingid":3276},{"bookingid":3009},{"bookingid":937},{"bookingid":420},{"bookingid":233},{"bookingid":4446},{"bookingid":3075},{"bookingid":3993},{"bookingid":1846},{"bookingid":13},{"bookingid":1353},{"bookingid":2679},{"bookingid":1167},{"bookingid":29},{"bookingid":3514},{"bookingid":849},{"bookingid":4361},{"bookingid":4007},{"bookingid":2751},{"bookingid":424},{"bookingid":3543},{"bookingid":4500},{"bookingid":2436},{"bookingid":549},{"bookingid":1598},{"bookingid":2022},{"bookingid":171},{"bookingid":3902},{"bookingid":1634},{"bookingid":1707},{"bookingid":1502},{"bookingid":471},{"bookingid":820},{"bookingid":1496},{"bookingid":875},{"bookingid":3251},{"bookingid":441},{"bookingid":2882},{"bookingid":738},{"bookingid":4167},{"bookingid":1387},{"bookingid":71},{"bookingid":3735},{"bookingid":322},{"bookingid":3160},{"bookingid":4238},{"bookingid":1776},{"bookingid":4486},{"bookingid":2942},{"bookingid":1964},{"bookingid":1969},{"bookingid":2603},{"bookingid":1372},{"bookingid":3310},{"bookingid":1374},{"bookingid":4439},{"bookingid":1908},{"bookingid":404},{"bookingid":1823},{"bookingid":1336},{"bookingid":4215},{"bookingid":3078},{"bookingid":4337},{"bookingid":1365},{"bookingid":4257},{"bookingid":2340},{"bookingid":2334},{"bookingid":2003},{"bookingid":976},{"bookingid":235},{"bookingid":4328},{"bookingid":1148},{"bookingid":3304},{"bookingid":1596},{"bookingid":2250},{"bookingid":3880},{"bookingid":2966},{"bookingid":3517},{"bookingid":62},{"bookingid":2281},{"bookingid":1673},{"bookingid":2227},{"bookingid":505},{"bookingid":3326},{"bookingid":4506},{"bookingid":304},{"bookingid":2405},{"bookingid":2402},{"bookingid":896},{"bookingid":1307},{"bookingid":3743},{"bookingid":1364},{"bookingid":4566},{"bookingid":4269},{"bookingid":3169},{"bookingid":2442},{"bookingid":1978},{"bookingid":3402},{"bookingid":52},{"bookingid":1237},{"bookingid":69},{"bookingid":551},{"bookingid":1486},{"bookingid":3866},{"bookingid":3933},{"bookingid":4529},{"bookingid":960},{"bookingid":2047},{"bookingid":1498},{"bookingid":3942},{"bookingid":2392},{"bookingid":383},{"bookingid":179},{"bookingid":2426},{"bookingid":102},{"bookingid":1787},{"bookingid":3497},{"bookingid":4070},{"bookingid":156},{"bookingid":1534},{"bookingid":536},{"bookingid":1518},{"bookingid":2559},{"bookingid":4030},{"bookingid":2270},{"bookingid":771},{"bookingid":3674},{"bookingid":2989},{"bookingid":3358},{"bookingid":245},{"bookingid":1051},{"bookingid":1573},{"bookingid":4140},{"bookingid":4378},{"bookingid":3588},{"bookingid":157},{"bookingid":149},{"bookingid":1695},{"bookingid":2004},{"bookingid":2910},{"bookingid":1062},{"bookingid":1795},{"bookingid":1225},{"bookingid":3941},{"bookingid":3416},{"bookingid":272},{"bookingid":2628},{"bookingid":3114},{"bookingid":1785},{"bookingid":2905},{"bookingid":671},{"bookingid":525},{"bookingid":3253},{"bookingid":4418}]
bookingIdByname is 4017
]]></system-out>
  </testcase>
  <testcase name="Authorized user is able to create new booking and update the existing booking" classname="Automated E2E tests" time="4.428">
    <system-out><![CDATA[response is {"bookingid":4607,"booking":{"firstname":"Test","lastname":"Jim","totalprice":111,"depositpaid":true,"bookingdates":{"checkin":"2018-01-01","checkout":"2019-01-01"},"additionalneeds":"Breakfast"}}
bookingid is 4607
CreatedFirstName is Test
CreatedLastName is Jim
response is {"firstname":"Test-Update","lastname":"Jim-Update","totalprice":999,"depositpaid":false,"bookingdates":{"checkin":"2018-02-01","checkout":"2019-10-01"},"additionalneeds":"Babybedje"}
UpdatedFirstName is Test-Update
UpdatedLastName is Jim-Update
Updateddepositpaid is false
Updatedcheckin is 2018-02-01
Updatedcheckout is 2019-10-01
Updatedadditionalneeds is Babybedje
response is {"firstname":"Test-PartialUpdate","lastname":"Jim-PartialUpdate","totalprice":999,"depositpaid":false,"bookingdates":{"checkin":"2018-02-01","checkout":"2019-10-01"},"additionalneeds":"Extra bed"}
id is 4607
response is {"firstname":"Test-PartialUpdate","lastname":"Jim-PartialUpdate","totalprice":999,"depositpaid":false,"bookingdates":{"checkin":"2018-02-01","checkout":"2019-10-01"},"additionalneeds":"Extra bed"}
partialUpdatedFirstName is Test-PartialUpdate
partialUpdatedLastName is Jim-PartialUpdate
partialUpdatedadditionalneeds is Extra bed
]]></system-out>
  </testcase>
  <testcase name="Authorized user is able to delete the existing booking" classname="Automated E2E tests" time="2.599"/>
</testsuite>